gpasm-0.13.7 beta               Objects/StackTsk.asm5-9-2014  05:20:56           PAGE  1


LOC  OBJECT CODE     LINE SOURCE TEXT
  VALUE
 
               00001 ;--------------------------------------------------------
               00002 ; File Created by SDCC : free open source ANSI-C Compiler
               00003 ; Version 2.9.4 #5595 (May 13 2013) (UNIX)
               00004 ; This file was generated Fri May  9 05:20:56 2014
               00005 ;--------------------------------------------------------
               00006 ; PIC16 port for the Microchip 16-bit core micros
               00007 ;--------------------------------------------------------
               00008         list    p=18f97j60
               00009 
               00010         radix dec
               00011 
               00012 ;--------------------------------------------------------
               00013 ; public variables in this module
               00014 ;--------------------------------------------------------
               00015         global _StackInit
               00016         global _StackTask
               00017         global _StackTaskModified
               00018         global _StackApplications
               00019         global _remoteNode
               00020 
               00021 ;--------------------------------------------------------
               00022 ; extern variables in this module
               00023 ;--------------------------------------------------------
               00024         extern _EBSTCONbits
               00025         extern _MISTATbits
               00026         extern _EFLOCONbits
               00027         extern _MACON1bits
               00028         extern _MACON2bits
               00029         extern _MACON3bits
               00030         extern _MACON4bits
               00031         extern _MACLCON1bits
               00032         extern _MACLCON2bits
               00033         extern _MICONbits
               00034         extern _MICMDbits
               00035         extern _EWOLIEbits
               00036         extern _EWOLIRbits
               00037         extern _ERXFCONbits
               00038         extern _EIEbits
               00039         extern _ESTATbits
               00040         extern _ECON2bits
               00041         extern _EIRbits
               00042         extern _EDATAbits
               00043         extern _SSP2CON2bits
               00044         extern _SSP2CON1bits
               00045         extern _SSP2STATbits
               00046         extern _ECCP2DELbits
               00047         extern _ECCP2ASbits
               00048         extern _ECCP3DELbits
               00049         extern _ECCP3ASbits
               00050         extern _RCSTA2bits
               00051         extern _TXSTA2bits
               00052         extern _CCP5CONbits
               00053         extern _CCP4CONbits
               00054         extern _T4CONbits
gpasm-0.13.7 beta               Objects/StackTsk.asm5-9-2014  05:20:56           PAGE  2


LOC  OBJECT CODE     LINE SOURCE TEXT
  VALUE
 
               00055         extern _ECCP1DELbits
               00056         extern _BAUDCON2bits
               00057         extern _BAUDCTL2bits
               00058         extern _BAUDCONbits
               00059         extern _BAUDCON1bits
               00060         extern _BAUDCTLbits
               00061         extern _BAUDCTL1bits
               00062         extern _PORTAbits
               00063         extern _PORTBbits
               00064         extern _PORTCbits
               00065         extern _PORTDbits
               00066         extern _PORTEbits
               00067         extern _PORTFbits
               00068         extern _PORTGbits
               00069         extern _PORTHbits
               00070         extern _PORTJbits
               00071         extern _LATAbits
               00072         extern _LATBbits
               00073         extern _LATCbits
               00074         extern _LATDbits
               00075         extern _LATEbits
               00076         extern _LATFbits
               00077         extern _LATGbits
               00078         extern _LATHbits
               00079         extern _LATJbits
               00080         extern _DDRAbits
               00081         extern _TRISAbits
               00082         extern _DDRBbits
               00083         extern _TRISBbits
               00084         extern _DDRCbits
               00085         extern _TRISCbits
               00086         extern _DDRDbits
               00087         extern _TRISDbits
               00088         extern _DDREbits
               00089         extern _TRISEbits
               00090         extern _DDRFbits
               00091         extern _TRISFbits
               00092         extern _DDRGbits
               00093         extern _TRISGbits
               00094         extern _DDRHbits
               00095         extern _TRISHbits
               00096         extern _DDRJbits
               00097         extern _TRISJbits
               00098         extern _OSCTUNEbits
               00099         extern _MEMCONbits
               00100         extern _PIE1bits
               00101         extern _PIR1bits
               00102         extern _IPR1bits
               00103         extern _PIE2bits
               00104         extern _PIR2bits
               00105         extern _IPR2bits
               00106         extern _PIE3bits
               00107         extern _PIR3bits
               00108         extern _IPR3bits
gpasm-0.13.7 beta               Objects/StackTsk.asm5-9-2014  05:20:56           PAGE  3


LOC  OBJECT CODE     LINE SOURCE TEXT
  VALUE
 
               00109         extern _EECON1bits
               00110         extern _RCSTAbits
               00111         extern _RCSTA1bits
               00112         extern _TXSTAbits
               00113         extern _TXSTA1bits
               00114         extern _PSPCONbits
               00115         extern _T3CONbits
               00116         extern _CMCONbits
               00117         extern _CVRCONbits
               00118         extern _ECCP1ASbits
               00119         extern _CCP3CONbits
               00120         extern _ECCP3CONbits
               00121         extern _CCP2CONbits
               00122         extern _ECCP2CONbits
               00123         extern _CCP1CONbits
               00124         extern _ECCP1CONbits
               00125         extern _ADCON2bits
               00126         extern _ADCON1bits
               00127         extern _ADCON0bits
               00128         extern _SSP1CON2bits
               00129         extern _SSPCON2bits
               00130         extern _SSP1CON1bits
               00131         extern _SSPCON1bits
               00132         extern _SSP1STATbits
               00133         extern _SSPSTATbits
               00134         extern _T2CONbits
               00135         extern _T1CONbits
               00136         extern _RCONbits
               00137         extern _WDTCONbits
               00138         extern _ECON1bits
               00139         extern _OSCCONbits
               00140         extern _T0CONbits
               00141         extern _STATUSbits
               00142         extern _INTCON3bits
               00143         extern _INTCON2bits
               00144         extern _INTCONbits
               00145         extern _STKPTRbits
               00146         extern _stdin
               00147         extern _stdout
               00148         extern _AN0String
               00149         extern _AppConfig
               00150         extern _activeUDPSocket
               00151         extern _UDPSocketInfo
               00152         extern _UDPTxCount
               00153         extern _UDPRxCount
               00154         extern _LCDText
               00155         extern _MAADR5
               00156         extern _MAADR6
               00157         extern _MAADR3
               00158         extern _MAADR4
               00159         extern _MAADR1
               00160         extern _MAADR2
               00161         extern _EBSTSD
               00162         extern _EBSTCON
gpasm-0.13.7 beta               Objects/StackTsk.asm5-9-2014  05:20:56           PAGE  4


LOC  OBJECT CODE     LINE SOURCE TEXT
  VALUE
 
               00163         extern _EBSTCS
               00164         extern _EBSTCSL
               00165         extern _EBSTCSH
               00166         extern _MISTAT
               00167         extern _EFLOCON
               00168         extern _EPAUS
               00169         extern _EPAUSL
               00170         extern _EPAUSH
               00171         extern _MACON1
               00172         extern _MACON2
               00173         extern _MACON3
               00174         extern _MACON4
               00175         extern _MABBIPG
               00176         extern _MAIPG
               00177         extern _MAIPGL
               00178         extern _MAIPGH
               00179         extern _MACLCON1
               00180         extern _MACLCON2
               00181         extern _MAMXFL
               00182         extern _MAMXFLL
               00183         extern _MAMXFLH
               00184         extern _MICON
               00185         extern _MICMD
               00186         extern _MIREGADR
               00187         extern _MIWR
               00188         extern _MIWRL
               00189         extern _MIWRH
               00190         extern _MIRD
               00191         extern _MIRDL
               00192         extern _MIRDH
               00193         extern _EHT0
               00194         extern _EHT1
               00195         extern _EHT2
               00196         extern _EHT3
               00197         extern _EHT4
               00198         extern _EHT5
               00199         extern _EHT6
               00200         extern _EHT7
               00201         extern _EPMM0
               00202         extern _EPMM1
               00203         extern _EPMM2
               00204         extern _EPMM3
               00205         extern _EPMM4
               00206         extern _EPMM5
               00207         extern _EPMM6
               00208         extern _EPMM7
               00209         extern _EPMCS
               00210         extern _EPMCSL
               00211         extern _EPMCSH
               00212         extern _EPMO
               00213         extern _EPMOL
               00214         extern _EPMOH
               00215         extern _EWOLIE
               00216         extern _EWOLIR
gpasm-0.13.7 beta               Objects/StackTsk.asm5-9-2014  05:20:56           PAGE  5


LOC  OBJECT CODE     LINE SOURCE TEXT
  VALUE
 
               00217         extern _ERXFCON
               00218         extern _EPKTCNT
               00219         extern _EWRPT
               00220         extern _EWRPTL
               00221         extern _EWRPTH
               00222         extern _ETXST
               00223         extern _ETXSTL
               00224         extern _ETXSTH
               00225         extern _ETXND
               00226         extern _ETXNDL
               00227         extern _ETXNDH
               00228         extern _ERXST
               00229         extern _ERXSTL
               00230         extern _ERXSTH
               00231         extern _ERXND
               00232         extern _ERXNDL
               00233         extern _ERXNDH
               00234         extern _ERXRDPT
               00235         extern _ERXRDPTL
               00236         extern _ERXRDPTH
               00237         extern _ERXWRPT
               00238         extern _ERXWRPTL
               00239         extern _ERXWRPTH
               00240         extern _EDMAST
               00241         extern _EDMASTL
               00242         extern _EDMASTH
               00243         extern _EDMAND
               00244         extern _EDMANDL
               00245         extern _EDMANDH
               00246         extern _EDMADST
               00247         extern _EDMADSTL
               00248         extern _EDMADSTH
               00249         extern _EDMACS
               00250         extern _EDMACSL
               00251         extern _EDMACSH
               00252         extern _EIE
               00253         extern _ESTAT
               00254         extern _ECON2
               00255         extern _EIR
               00256         extern _EDATA
               00257         extern _SSP2CON2
               00258         extern _SSP2CON1
               00259         extern _SSP2STAT
               00260         extern _SSP2ADD
               00261         extern _SSP2BUF
               00262         extern _ECCP2DEL
               00263         extern _ECCP2AS
               00264         extern _ECCP3DEL
               00265         extern _ECCP3AS
               00266         extern _RCSTA2
               00267         extern _TXSTA2
               00268         extern _TXREG2
               00269         extern _RCREG2
               00270         extern _SPBRG2
gpasm-0.13.7 beta               Objects/StackTsk.asm5-9-2014  05:20:56           PAGE  6


LOC  OBJECT CODE     LINE SOURCE TEXT
  VALUE
 
               00271         extern _CCP5CON
               00272         extern _CCPR5
               00273         extern _CCPR5L
               00274         extern _CCPR5H
               00275         extern _CCP4CON
               00276         extern _CCPR4
               00277         extern _CCPR4L
               00278         extern _CCPR4H
               00279         extern _T4CON
               00280         extern _PR4
               00281         extern _TMR4
               00282         extern _ECCP1DEL
               00283         extern _ERDPT
               00284         extern _ERDPTL
               00285         extern _ERDPTH
               00286         extern _BAUDCON2
               00287         extern _BAUDCTL2
               00288         extern _SPBRGH2
               00289         extern _BAUDCON
               00290         extern _BAUDCON1
               00291         extern _BAUDCTL
               00292         extern _BAUDCTL1
               00293         extern _SPBRGH
               00294         extern _SPBRGH1
               00295         extern _PORTA
               00296         extern _PORTB
               00297         extern _PORTC
               00298         extern _PORTD
               00299         extern _PORTE
               00300         extern _PORTF
               00301         extern _PORTG
               00302         extern _PORTH
               00303         extern _PORTJ
               00304         extern _LATA
               00305         extern _LATB
               00306         extern _LATC
               00307         extern _LATD
               00308         extern _LATE
               00309         extern _LATF
               00310         extern _LATG
               00311         extern _LATH
               00312         extern _LATJ
               00313         extern _DDRA
               00314         extern _TRISA
               00315         extern _DDRB
               00316         extern _TRISB
               00317         extern _DDRC
               00318         extern _TRISC
               00319         extern _DDRD
               00320         extern _TRISD
               00321         extern _DDRE
               00322         extern _TRISE
               00323         extern _DDRF
               00324         extern _TRISF
gpasm-0.13.7 beta               Objects/StackTsk.asm5-9-2014  05:20:56           PAGE  7


LOC  OBJECT CODE     LINE SOURCE TEXT
  VALUE
 
               00325         extern _DDRG
               00326         extern _TRISG
               00327         extern _DDRH
               00328         extern _TRISH
               00329         extern _DDRJ
               00330         extern _TRISJ
               00331         extern _OSCTUNE
               00332         extern _MEMCON
               00333         extern _PIE1
               00334         extern _PIR1
               00335         extern _IPR1
               00336         extern _PIE2
               00337         extern _PIR2
               00338         extern _IPR2
               00339         extern _PIE3
               00340         extern _PIR3
               00341         extern _IPR3
               00342         extern _EECON1
               00343         extern _EECON2
               00344         extern _RCSTA
               00345         extern _RCSTA1
               00346         extern _TXSTA
               00347         extern _TXSTA1
               00348         extern _TXREG
               00349         extern _TXREG1
               00350         extern _RCREG
               00351         extern _RCREG1
               00352         extern _SPBRG
               00353         extern _SPBRG1
               00354         extern _PSPCON
               00355         extern _T3CON
               00356         extern _TMR3L
               00357         extern _TMR3H
               00358         extern _CMCON
               00359         extern _CVRCON
               00360         extern _ECCP1AS
               00361         extern _CCP3CON
               00362         extern _ECCP3CON
               00363         extern _CCPR3
               00364         extern _CCPR3L
               00365         extern _CCPR3H
               00366         extern _CCP2CON
               00367         extern _ECCP2CON
               00368         extern _CCPR2
               00369         extern _CCPR2L
               00370         extern _CCPR2H
               00371         extern _CCP1CON
               00372         extern _ECCP1CON
               00373         extern _CCPR1
               00374         extern _CCPR1L
               00375         extern _CCPR1H
               00376         extern _ADCON2
               00377         extern _ADCON1
               00378         extern _ADCON0
gpasm-0.13.7 beta               Objects/StackTsk.asm5-9-2014  05:20:56           PAGE  8


LOC  OBJECT CODE     LINE SOURCE TEXT
  VALUE
 
               00379         extern _ADRES
               00380         extern _ADRESL
               00381         extern _ADRESH
               00382         extern _SSP1CON2
               00383         extern _SSPCON2
               00384         extern _SSP1CON1
               00385         extern _SSPCON1
               00386         extern _SSP1STAT
               00387         extern _SSPSTAT
               00388         extern _SSP1ADD
               00389         extern _SSPADD
               00390         extern _SSP1BUF
               00391         extern _SSPBUF
               00392         extern _T2CON
               00393         extern _PR2
               00394         extern _TMR2
               00395         extern _T1CON
               00396         extern _TMR1L
               00397         extern _TMR1H
               00398         extern _RCON
               00399         extern _WDTCON
               00400         extern _ECON1
               00401         extern _OSCCON
               00402         extern _T0CON
               00403         extern _TMR0L
               00404         extern _TMR0H
               00405         extern _STATUS
               00406         extern _FSR2L
               00407         extern _FSR2H
               00408         extern _PLUSW2
               00409         extern _PREINC2
               00410         extern _POSTDEC2
               00411         extern _POSTINC2
               00412         extern _INDF2
               00413         extern _BSR
               00414         extern _FSR1L
               00415         extern _FSR1H
               00416         extern _PLUSW1
               00417         extern _PREINC1
               00418         extern _POSTDEC1
               00419         extern _POSTINC1
               00420         extern _INDF1
               00421         extern _WREG
               00422         extern _FSR0L
               00423         extern _FSR0H
               00424         extern _PLUSW0
               00425         extern _PREINC0
               00426         extern _POSTDEC0
               00427         extern _POSTINC0
               00428         extern _INDF0
               00429         extern _INTCON3
               00430         extern _INTCON2
               00431         extern _INTCON
               00432         extern _PROD
gpasm-0.13.7 beta               Objects/StackTsk.asm5-9-2014  05:20:56           PAGE  9


LOC  OBJECT CODE     LINE SOURCE TEXT
  VALUE
 
               00433         extern _PRODL
               00434         extern _PRODH
               00435         extern _TABLAT
               00436         extern _TBLPTR
               00437         extern _TBLPTRL
               00438         extern _TBLPTRH
               00439         extern _TBLPTRU
               00440         extern _PC
               00441         extern _PCL
               00442         extern _PCLATH
               00443         extern _PCLATU
               00444         extern _STKPTR
               00445         extern _TOS
               00446         extern _TOSL
               00447         extern _TOSH
               00448         extern _TOSU
               00449         extern _srand
               00450         extern _memcpy
               00451         extern _GenerateRandomDWORD
               00452         extern _MACInit
               00453         extern _MACIsLinked
               00454         extern _MACGetHeader
               00455         extern _IPGetHeader
               00456         extern _ARPInit
               00457         extern _ARPProcess
               00458         extern _UDPInit
               00459         extern _UDPTask
               00460         extern _UDPProcess
               00461         extern _UDPDiscard
               00462         extern _DHCPInit
               00463         extern _DHCPTask
               00464         extern _DHCPDisable
               00465         extern _DHCPIsBound
               00466         extern _ICMPProcess
               00467 ;--------------------------------------------------------
               00468 ;       Equates to used internal registers
               00469 ;--------------------------------------------------------
  00000FD8     00470 STATUS  equ     0xfd8
  00000FE9     00471 FSR0L   equ     0xfe9
  00000FE1     00472 FSR1L   equ     0xfe1
  00000FD9     00473 FSR2L   equ     0xfd9
  00000FE5     00474 POSTDEC1        equ     0xfe5
  00000FE4     00475 PREINC1 equ     0xfe4
  00000FDB     00476 PLUSW2  equ     0xfdb
  00000FF3     00477 PRODL   equ     0xff3
  00000FF4     00478 PRODH   equ     0xff4
               00479 
               00480 
               00481         idata
               00482 _StackTaskModified_bLastLinkState_2_2   db      0x00
               00483 
               00484 
               00485 ; Internal registers
               00486 .registers      udata_ovr       0x0000
gpasm-0.13.7 beta               Objects/StackTsk.asm5-9-2014  05:20:56           PAGE 10


LOC  OBJECT CODE     LINE SOURCE TEXT
  VALUE
 
               00487 r0x00   res     1
               00488 r0x01   res     1
               00489 r0x02   res     1
               00490 r0x03   res     1
               00491 r0x04   res     1
               00492 r0x05   res     1
               00493 r0x06   res     1
               00494 r0x07   res     1
               00495 r0x08   res     1
               00496 r0x09   res     1
               00497 r0x0a   res     1
               00498 r0x0b   res     1
               00499 r0x0c   res     1
               00500 r0x0d   res     1
               00501 r0x0e   res     1
               00502 r0x0f   res     1
               00503 r0x10   res     1
               00504 
               00505 udata_StackTsk_0        udata
               00506 _smStack        res     1
               00507 
               00508 udata_StackTsk_1        udata
               00509 _StackTaskModified_tempLocalIP_1_1      res     4
               00510 
               00511 udata_StackTsk_2        udata
               00512 _remoteNode     res     10
               00513 
               00514 udata_StackTsk_3        udata
               00515 _StackTaskModified_cFrameType_1_1       res     1
               00516 
               00517 udata_StackTsk_4        udata
               00518 _StackTaskModified_cIPFrameType_1_1     res     1
               00519 
               00520 udata_StackTsk_5        udata
               00521 _StackTaskModified_dataCount_1_1        res     2
               00522 
               00523 ;--------------------------------------------------------
               00524 ; global & static initialisations
               00525 ;--------------------------------------------------------
               00526 ; I code from now on!
               00527 ; ; Starting pCode block
               00528 S_StackTsk__StackApplications   code
0000 00529 _StackApplications:
               00530 ;       .line   386; TCPIP_Stack/StackTsk.c     void StackApplications(void)
0000 CFD9 FFE5 00531         MOVFF   FSR2L, POSTDEC1
0004 CFE1 FFD9 00532         MOVFF   FSR1L, FSR2L
               00533 ;       .line   443; TCPIP_Stack/StackTsk.c     }
0008 CFE4 FFD9 00534         MOVFF   PREINC1, FSR2L
000C 0012      00535         RETURN  
               00536 
               00537 ; ; Starting pCode block
               00538 S_StackTsk__StackTaskModified   code
0000 00539 _StackTaskModified:
               00540 ;       .line   213; TCPIP_Stack/StackTsk.c     void StackTaskModified(IP_ADDR *ip)
gpasm-0.13.7 beta               Objects/StackTsk.asm5-9-2014  05:20:56           PAGE 11


LOC  OBJECT CODE     LINE SOURCE TEXT
  VALUE
 
0000 CFD9 FFE5 00541         MOVFF   FSR2L, POSTDEC1
0004 CFE1 FFD9 00542         MOVFF   FSR1L, FSR2L
0008 C000 FFE5 00543         MOVFF   r0x00, POSTDEC1
000C C000 FFE5 00544         MOVFF   r0x01, POSTDEC1
0010 C000 FFE5 00545         MOVFF   r0x02, POSTDEC1
0014 C000 FFE5 00546         MOVFF   r0x03, POSTDEC1
0018 C000 FFE5 00547         MOVFF   r0x04, POSTDEC1
001C C000 FFE5 00548         MOVFF   r0x05, POSTDEC1
0020 C000 FFE5 00549         MOVFF   r0x06, POSTDEC1
0024 C000 FFE5 00550         MOVFF   r0x07, POSTDEC1
0028 C000 FFE5 00551         MOVFF   r0x08, POSTDEC1
002C C000 FFE5 00552         MOVFF   r0x09, POSTDEC1
0030 C000 FFE5 00553         MOVFF   r0x0a, POSTDEC1
0034 C000 FFE5 00554         MOVFF   r0x0b, POSTDEC1
0038 C000 FFE5 00555         MOVFF   r0x0c, POSTDEC1
003C C000 FFE5 00556         MOVFF   r0x0d, POSTDEC1
0040 C000 FFE5 00557         MOVFF   r0x0e, POSTDEC1
0044 C000 FFE5 00558         MOVFF   r0x0f, POSTDEC1
0048 C000 FFE5 00559         MOVFF   r0x10, POSTDEC1
004C 0E02      00560         MOVLW   0x02
004E CFDB F000 00561         MOVFF   PLUSW2, r0x00
0052 0E03      00562         MOVLW   0x03
0054 CFDB F000 00563         MOVFF   PLUSW2, r0x01
0058 0E04      00564         MOVLW   0x04
005A CFDB F000 00565         MOVFF   PLUSW2, r0x02
005E 0000      00566         BANKSEL (_AppConfig + 44)
               00567 ;       .line   233; TCPIP_Stack/StackTsk.c     if(AppConfig.Flags.bIsDHCPEnabled)
0060 AD00      00568         BTFSS   (_AppConfig + 44), 6, B
0062 D000      00569         BRA     _00124_DS_
               00570 ;       .line   238; TCPIP_Stack/StackTsk.c     bCurrentLinkState = MACIsLinked();
0064 EC00 F000 00571         CALL    _MACIsLinked
0068 6E00      00572         MOVWF   r0x03
               00573 ;       .line   239; TCPIP_Stack/StackTsk.c     if(bCurrentLinkState != bLastLinkState)
006A 5000      00574         MOVF    r0x03, W
006C 0000      00575         BANKSEL _StackTaskModified_bLastLinkState_2_2
006E 1900      00576         XORWF   _StackTaskModified_bLastLinkState_2_2, W, B
0070 E100      00577         BNZ     _00165_DS_
0072 D000      00578         BRA     _00120_DS_
0074 00579 _00165_DS_:
               00580 ;       .line   241; TCPIP_Stack/StackTsk.c     bLastLinkState = bCurrentLinkState;
0074 C000 F000 00581         MOVFF   r0x03, _StackTaskModified_bLastLinkState_2_2
               00582 ;       .line   242; TCPIP_Stack/StackTsk.c     if(!bCurrentLinkState) //we lost the MAC link
0078 5000      00583         MOVF    r0x03, W
007A E100      00584         BNZ     _00120_DS_
               00585 ;       .line   244; TCPIP_Stack/StackTsk.c     AppConfig.MyIPAddr.Val = AppConfig.DefaultIPAddr.Val;
007C C000 F000 00586         MOVFF   (_AppConfig + 20), r0x03
0080 C000 F000 00587         MOVFF   (_AppConfig + 21), r0x04
0084 C000 F000 00588         MOVFF   (_AppConfig + 22), r0x05
0088 C000 F000 00589         MOVFF   (_AppConfig + 23), r0x06
008C 5000      00590         MOVF    r0x03, W
008E 0000      00591         BANKSEL _AppConfig
0090 6F00      00592         MOVWF   _AppConfig, B
0092 5000      00593         MOVF    r0x04, W
0094 0000      00594         BANKSEL (_AppConfig + 1)
gpasm-0.13.7 beta               Objects/StackTsk.asm5-9-2014  05:20:56           PAGE 12


LOC  OBJECT CODE     LINE SOURCE TEXT
  VALUE
 
0096 6F00      00595         MOVWF   (_AppConfig + 1), B
0098 5000      00596         MOVF    r0x05, W
009A 0000      00597         BANKSEL (_AppConfig + 2)
009C 6F00      00598         MOVWF   (_AppConfig + 2), B
009E 5000      00599         MOVF    r0x06, W
00A0 0000      00600         BANKSEL (_AppConfig + 3)
00A2 6F00      00601         MOVWF   (_AppConfig + 3), B
               00602 ;       .line   245; TCPIP_Stack/StackTsk.c     AppConfig.MyMask.Val = AppConfig.DefaultMask.Val;
00A4 C000 F000 00603         MOVFF   (_AppConfig + 24), r0x03
00A8 C000 F000 00604         MOVFF   (_AppConfig + 25), r0x04
00AC C000 F000 00605         MOVFF   (_AppConfig + 26), r0x05
00B0 C000 F000 00606         MOVFF   (_AppConfig + 27), r0x06
00B4 5000      00607         MOVF    r0x03, W
00B6 0000      00608         BANKSEL (_AppConfig + 4)
00B8 6F00      00609         MOVWF   (_AppConfig + 4), B
00BA 5000      00610         MOVF    r0x04, W
00BC 0000      00611         BANKSEL (_AppConfig + 5)
00BE 6F00      00612         MOVWF   (_AppConfig + 5), B
00C0 5000      00613         MOVF    r0x05, W
00C2 0000      00614         BANKSEL (_AppConfig + 6)
00C4 6F00      00615         MOVWF   (_AppConfig + 6), B
00C6 5000      00616         MOVF    r0x06, W
00C8 0000      00617         BANKSEL (_AppConfig + 7)
00CA 6F00      00618         MOVWF   (_AppConfig + 7), B
00CC 0000      00619         BANKSEL (_AppConfig + 44)
               00620 ;       .line   246; TCPIP_Stack/StackTsk.c     AppConfig.Flags.bInConfigMode = TRUE;
00CE 8F00      00621         BSF     (_AppConfig + 44), 7, B
               00622 ;       .line   247; TCPIP_Stack/StackTsk.c     DHCPInit(0);
00D0 0E00      00623         MOVLW   0x00
00D2 6EE5      00624         MOVWF   POSTDEC1
00D4 EC00 F000 00625         CALL    _DHCPInit
00D8 2AE1      00626         INCF    FSR1L, F
00DA 00627 _00120_DS_:
               00628 ;       .line   255; TCPIP_Stack/StackTsk.c     DHCPTask();
00DA EC00 F000 00629         CALL    _DHCPTask
               00630 ;       .line   257; TCPIP_Stack/StackTsk.c     if(DHCPIsBound(0))
00DE 0E00      00631         MOVLW   0x00
00E0 6EE5      00632         MOVWF   POSTDEC1
00E2 EC00 F000 00633         CALL    _DHCPIsBound
00E6 6E00      00634         MOVWF   r0x03
00E8 2AE1      00635         INCF    FSR1L, F
00EA 5000      00636         MOVF    r0x03, W
00EC E000      00637         BZ      _00124_DS_
00EE 0000      00638         BANKSEL (_AppConfig + 44)
               00639 ;       .line   258; TCPIP_Stack/StackTsk.c     AppConfig.Flags.bInConfigMode = FALSE;
00F0 9F00      00640         BCF     (_AppConfig + 44), 7, B
00F2 00641 _00124_DS_:
               00642 ;       .line   274; TCPIP_Stack/StackTsk.c     UDPTask();
00F2 EC00 F000 00643         CALL    _UDPTask
00F6 00644 _00145_DS_:
               00645 ;       .line   289; TCPIP_Stack/StackTsk.c     UDPDiscard();
00F6 EC00 F000 00646         CALL    _UDPDiscard
               00647 ;       .line   294; TCPIP_Stack/StackTsk.c     if(!MACGetHeader(&remoteNode.MACAddr, &cFrameType))
00FA 0E00      00648         MOVLW   HIGH(_remoteNode + 4)
gpasm-0.13.7 beta               Objects/StackTsk.asm5-9-2014  05:20:56           PAGE 13


LOC  OBJECT CODE     LINE SOURCE TEXT
  VALUE
 
00FC 6E00      00649         MOVWF   r0x04
00FE 0E00      00650         MOVLW   LOW(_remoteNode + 4)
0100 6E00      00651         MOVWF   r0x03
0102 0E80      00652         MOVLW   0x80
0104 6E00      00653         MOVWF   r0x05
0106 0E00      00654         MOVLW   HIGH(_StackTaskModified_cFrameType_1_1)
0108 6E00      00655         MOVWF   r0x07
010A 0E00      00656         MOVLW   LOW(_StackTaskModified_cFrameType_1_1)
010C 6E00      00657         MOVWF   r0x06
010E 0E80      00658         MOVLW   0x80
0110 6E00      00659         MOVWF   r0x08
0112 5000      00660         MOVF    r0x08, W
0114 6EE5      00661         MOVWF   POSTDEC1
0116 5000      00662         MOVF    r0x07, W
0118 6EE5      00663         MOVWF   POSTDEC1
011A 5000      00664         MOVF    r0x06, W
011C 6EE5      00665         MOVWF   POSTDEC1
011E 5000      00666         MOVF    r0x05, W
0120 6EE5      00667         MOVWF   POSTDEC1
0122 5000      00668         MOVF    r0x04, W
0124 6EE5      00669         MOVWF   POSTDEC1
0126 5000      00670         MOVF    r0x03, W
0128 6EE5      00671         MOVWF   POSTDEC1
012A EC00 F000 00672         CALL    _MACGetHeader
012E 6E00      00673         MOVWF   r0x03
0130 0E06      00674         MOVLW   0x06
0132 26E1      00675         ADDWF   FSR1L, F
0134 5000      00676         MOVF    r0x03, W
0136 B4D8      00677         BTFSC   STATUS, 2
0138 D000      00678         BRA     _00147_DS_
               00679 ;       .line   298; TCPIP_Stack/StackTsk.c     switch(cFrameType)
013A C000 F000 00680         MOVFF   _StackTaskModified_cFrameType_1_1, r0x03
013E 6A00      00681         CLRF    r0x04
0140 5000      00682         MOVF    r0x03, W
0142 E100      00683         BNZ     _00167_DS_
0144 5000      00684         MOVF    r0x04, W
0146 E000      00685         BZ      _00128_DS_
0148 00686 _00167_DS_:
0148 5000      00687         MOVF    r0x03, W
014A 0A06      00688         XORLW   0x06
014C E100      00689         BNZ     _00168_DS_
014E 5000      00690         MOVF    r0x04, W
0150 E000      00691         BZ      _00169_DS_
0152 00692 _00168_DS_:
0152 D000      00693         BRA     _00145_DS_
0154 00694 _00169_DS_:
               00695 ;       .line   302; TCPIP_Stack/StackTsk.c     ARPProcess();
0154 EC00 F000 00696         CALL    _ARPProcess
               00697 ;       .line   303; TCPIP_Stack/StackTsk.c     break;
0158 D000      00698         BRA     _00145_DS_
015A 00699 _00128_DS_:
               00700 ;       .line   307; TCPIP_Stack/StackTsk.c     if(!IPGetHeader(&tempLocalIP, &remoteNode, &cIPFrameType, &dataCount))
015A 0E00      00701         MOVLW   HIGH(_StackTaskModified_tempLocalIP_1_1)
015C 6E00      00702         MOVWF   r0x04
gpasm-0.13.7 beta               Objects/StackTsk.asm5-9-2014  05:20:56           PAGE 14


LOC  OBJECT CODE     LINE SOURCE TEXT
  VALUE
 
015E 0E00      00703         MOVLW   LOW(_StackTaskModified_tempLocalIP_1_1)
0160 6E00      00704         MOVWF   r0x03
0162 0E80      00705         MOVLW   0x80
0164 6E00      00706         MOVWF   r0x05
0166 0E00      00707         MOVLW   HIGH(_remoteNode)
0168 6E00      00708         MOVWF   r0x07
016A 0E00      00709         MOVLW   LOW(_remoteNode)
016C 6E00      00710         MOVWF   r0x06
016E 0E80      00711         MOVLW   0x80
0170 6E00      00712         MOVWF   r0x08
0172 0E00      00713         MOVLW   HIGH(_StackTaskModified_cIPFrameType_1_1)
0174 6E00      00714         MOVWF   r0x0a
0176 0E00      00715         MOVLW   LOW(_StackTaskModified_cIPFrameType_1_1)
0178 6E00      00716         MOVWF   r0x09
017A 0E80      00717         MOVLW   0x80
017C 6E00      00718         MOVWF   r0x0b
017E 0E00      00719         MOVLW   HIGH(_StackTaskModified_dataCount_1_1)
0180 6E00      00720         MOVWF   r0x0d
0182 0E00      00721         MOVLW   LOW(_StackTaskModified_dataCount_1_1)
0184 6E00      00722         MOVWF   r0x0c
0186 0E80      00723         MOVLW   0x80
0188 6E00      00724         MOVWF   r0x0e
018A 5000      00725         MOVF    r0x0e, W
018C 6EE5      00726         MOVWF   POSTDEC1
018E 5000      00727         MOVF    r0x0d, W
0190 6EE5      00728         MOVWF   POSTDEC1
0192 5000      00729         MOVF    r0x0c, W
0194 6EE5      00730         MOVWF   POSTDEC1
0196 5000      00731         MOVF    r0x0b, W
0198 6EE5      00732         MOVWF   POSTDEC1
019A 5000      00733         MOVF    r0x0a, W
019C 6EE5      00734         MOVWF   POSTDEC1
019E 5000      00735         MOVF    r0x09, W
01A0 6EE5      00736         MOVWF   POSTDEC1
01A2 5000      00737         MOVF    r0x08, W
01A4 6EE5      00738         MOVWF   POSTDEC1
01A6 5000      00739         MOVF    r0x07, W
01A8 6EE5      00740         MOVWF   POSTDEC1
01AA 5000      00741         MOVF    r0x06, W
01AC 6EE5      00742         MOVWF   POSTDEC1
01AE 5000      00743         MOVF    r0x05, W
01B0 6EE5      00744         MOVWF   POSTDEC1
01B2 5000      00745         MOVF    r0x04, W
01B4 6EE5      00746         MOVWF   POSTDEC1
01B6 5000      00747         MOVF    r0x03, W
01B8 6EE5      00748         MOVWF   POSTDEC1
01BA EC00 F000 00749         CALL    _IPGetHeader
01BE 6E00      00750         MOVWF   r0x03
01C0 0E0C      00751         MOVLW   0x0c
01C2 26E1      00752         ADDWF   FSR1L, F
01C4 5000      00753         MOVF    r0x03, W
01C6 B4D8      00754         BTFSC   STATUS, 2
01C8 D000      00755         BRA     _00145_DS_
               00756 ;       .line   311; TCPIP_Stack/StackTsk.c     if(cIPFrameType == IP_PROT_ICMP)
gpasm-0.13.7 beta               Objects/StackTsk.asm5-9-2014  05:20:56           PAGE 15


LOC  OBJECT CODE     LINE SOURCE TEXT
  VALUE
 
01CA C000 F000 00757         MOVFF   _StackTaskModified_cIPFrameType_1_1, r0x03
01CE 6A00      00758         CLRF    r0x04
01D0 5000      00759         MOVF    r0x03, W
01D2 0A01      00760         XORLW   0x01
01D4 E100      00761         BNZ     _00170_DS_
01D6 5000      00762         MOVF    r0x04, W
01D8 E000      00763         BZ      _00171_DS_
01DA 00764 _00170_DS_:
01DA D000      00765         BRA     _00136_DS_
01DC 00766 _00171_DS_:
               00767 ;       .line   332; TCPIP_Stack/StackTsk.c     if( (tempLocalIP.Val == AppConfig.MyIPAddr.Val) ||
01DC C000 F000 00768         MOVFF   _StackTaskModified_tempLocalIP_1_1, r0x05
01E0 C000 F000 00769         MOVFF   (_StackTaskModified_tempLocalIP_1_1 + 1), r0x06
01E4 C000 F000 00770         MOVFF   (_StackTaskModified_tempLocalIP_1_1 + 2), r0x07
01E8 C000 F000 00771         MOVFF   (_StackTaskModified_tempLocalIP_1_1 + 3), r0x08
01EC C000 F000 00772         MOVFF   _AppConfig, r0x09
01F0 C000 F000 00773         MOVFF   (_AppConfig + 1), r0x0a
01F4 C000 F000 00774         MOVFF   (_AppConfig + 2), r0x0b
01F8 C000 F000 00775         MOVFF   (_AppConfig + 3), r0x0c
01FC 5000      00776         MOVF    r0x05, W
01FE 1800      00777         XORWF   r0x09, W
0200 E100      00778         BNZ     _00173_DS_
0202 5000      00779         MOVF    r0x06, W
0204 1800      00780         XORWF   r0x0a, W
0206 E100      00781         BNZ     _00173_DS_
0208 5000      00782         MOVF    r0x07, W
020A 1800      00783         XORWF   r0x0b, W
020C E100      00784         BNZ     _00173_DS_
020E 5000      00785         MOVF    r0x08, W
0210 1800      00786         XORWF   r0x0c, W
0212 E100      00787         BNZ     _00173_DS_
0214 D000      00788         BRA     _00131_DS_
0216 00789 _00173_DS_:
               00790 ;       .line   333; TCPIP_Stack/StackTsk.c     (tempLocalIP.Val == 0xFFFFFFFF) ||
0216 5000      00791         MOVF    r0x05, W
0218 0AFF      00792         XORLW   0xff
021A E100      00793         BNZ     _00175_DS_
021C 5000      00794         MOVF    r0x06, W
021E 0AFF      00795         XORLW   0xff
0220 E100      00796         BNZ     _00175_DS_
0222 5000      00797         MOVF    r0x07, W
0224 0AFF      00798         XORLW   0xff
0226 E100      00799         BNZ     _00175_DS_
0228 5000      00800         MOVF    r0x08, W
022A 0AFF      00801         XORLW   0xff
022C E000      00802         BZ      _00131_DS_
022E 00803 _00175_DS_:
022E 0000      00804         BANKSEL (_AppConfig + 4)
               00805 ;       .line   334; TCPIP_Stack/StackTsk.c     (tempLocalIP.Val == ((AppConfig.MyIPAddr.Val & AppConfig.MyMask.Val) | ~AppConfig.MyMask.Val)))
0230 5100      00806         MOVF    (_AppConfig + 4), W, B
0232 1600      00807         ANDWF   r0x09, F
0234 0000      00808         BANKSEL (_AppConfig + 5)
0236 5100      00809         MOVF    (_AppConfig + 5), W, B
0238 1600      00810         ANDWF   r0x0a, F
gpasm-0.13.7 beta               Objects/StackTsk.asm5-9-2014  05:20:56           PAGE 16


LOC  OBJECT CODE     LINE SOURCE TEXT
  VALUE
 
023A 0000      00811         BANKSEL (_AppConfig + 6)
023C 5100      00812         MOVF    (_AppConfig + 6), W, B
023E 1600      00813         ANDWF   r0x0b, F
0240 0000      00814         BANKSEL (_AppConfig + 7)
0242 5100      00815         MOVF    (_AppConfig + 7), W, B
0244 1600      00816         ANDWF   r0x0c, F
0246 0000      00817         BANKSEL (_AppConfig + 4)
0248 1D00      00818         COMF    (_AppConfig + 4), W, B
024A 6E00      00819         MOVWF   r0x0d
024C 0000      00820         BANKSEL (_AppConfig + 5)
024E 1D00      00821         COMF    (_AppConfig + 5), W, B
0250 6E00      00822         MOVWF   r0x0e
0252 0000      00823         BANKSEL (_AppConfig + 6)
0254 1D00      00824         COMF    (_AppConfig + 6), W, B
0256 6E00      00825         MOVWF   r0x0f
0258 0000      00826         BANKSEL (_AppConfig + 7)
025A 1D00      00827         COMF    (_AppConfig + 7), W, B
025C 6E00      00828         MOVWF   r0x10
025E 5000      00829         MOVF    r0x0d, W
0260 1200      00830         IORWF   r0x09, F
0262 5000      00831         MOVF    r0x0e, W
0264 1200      00832         IORWF   r0x0a, F
0266 5000      00833         MOVF    r0x0f, W
0268 1200      00834         IORWF   r0x0b, F
026A 5000      00835         MOVF    r0x10, W
026C 1200      00836         IORWF   r0x0c, F
026E 5000      00837         MOVF    r0x05, W
0270 1800      00838         XORWF   r0x09, W
0272 E100      00839         BNZ     _00178_DS_
0274 5000      00840         MOVF    r0x06, W
0276 1800      00841         XORWF   r0x0a, W
0278 E100      00842         BNZ     _00178_DS_
027A 5000      00843         MOVF    r0x07, W
027C 1800      00844         XORWF   r0x0b, W
027E E100      00845         BNZ     _00178_DS_
0280 5000      00846         MOVF    r0x08, W
0282 1800      00847         XORWF   r0x0c, W
0284 E000      00848         BZ      _00131_DS_
0286 00849 _00178_DS_:
0286 D000      00850         BRA     _00145_DS_
0288 00851 _00131_DS_:
               00852 ;       .line   336; TCPIP_Stack/StackTsk.c     ICMPProcess(&remoteNode, dataCount);
0288 0E00      00853         MOVLW   HIGH(_remoteNode)
028A 6E00      00854         MOVWF   r0x06
028C 0E00      00855         MOVLW   LOW(_remoteNode)
028E 6E00      00856         MOVWF   r0x05
0290 0E80      00857         MOVLW   0x80
0292 6E00      00858         MOVWF   r0x07
0294 0000      00859         BANKSEL (_StackTaskModified_dataCount_1_1 + 1)
0296 5100      00860         MOVF    (_StackTaskModified_dataCount_1_1 + 1), W, B
0298 6EE5      00861         MOVWF   POSTDEC1
029A 0000      00862         BANKSEL _StackTaskModified_dataCount_1_1
029C 5100      00863         MOVF    _StackTaskModified_dataCount_1_1, W, B
029E 6EE5      00864         MOVWF   POSTDEC1
gpasm-0.13.7 beta               Objects/StackTsk.asm5-9-2014  05:20:56           PAGE 17


LOC  OBJECT CODE     LINE SOURCE TEXT
  VALUE
 
02A0 5000      00865         MOVF    r0x07, W
02A2 6EE5      00866         MOVWF   POSTDEC1
02A4 5000      00867         MOVF    r0x06, W
02A6 6EE5      00868         MOVWF   POSTDEC1
02A8 5000      00869         MOVF    r0x05, W
02AA 6EE5      00870         MOVWF   POSTDEC1
02AC EC00 F000 00871         CALL    _ICMPProcess
02B0 0E05      00872         MOVLW   0x05
02B2 26E1      00873         ADDWF   FSR1L, F
               00874 ;       .line   339; TCPIP_Stack/StackTsk.c     break;
02B4 D000      00875         BRA     _00145_DS_
02B6 00876 _00136_DS_:
               00877 ;       .line   353; TCPIP_Stack/StackTsk.c     if(cIPFrameType == IP_PROT_UDP)
02B6 5000      00878         MOVF    r0x03, W
02B8 0A11      00879         XORLW   0x11
02BA E100      00880         BNZ     _00180_DS_
02BC 5000      00881         MOVF    r0x04, W
02BE E000      00882         BZ      _00181_DS_
02C0 00883 _00180_DS_:
02C0 D000      00884         BRA     _00145_DS_
02C2 00885 _00181_DS_:
               00886 ;       .line   357; TCPIP_Stack/StackTsk.c     if(UDPProcess(&remoteNode, &tempLocalIP, dataCount)){
02C2 0E00      00887         MOVLW   HIGH(_remoteNode)
02C4 6E00      00888         MOVWF   r0x04
02C6 0E00      00889         MOVLW   LOW(_remoteNode)
02C8 6E00      00890         MOVWF   r0x03
02CA 0E80      00891         MOVLW   0x80
02CC 6E00      00892         MOVWF   r0x05
02CE 0E00      00893         MOVLW   HIGH(_StackTaskModified_tempLocalIP_1_1)
02D0 6E00      00894         MOVWF   r0x07
02D2 0E00      00895         MOVLW   LOW(_StackTaskModified_tempLocalIP_1_1)
02D4 6E00      00896         MOVWF   r0x06
02D6 0E80      00897         MOVLW   0x80
02D8 6E00      00898         MOVWF   r0x08
02DA 0000      00899         BANKSEL (_StackTaskModified_dataCount_1_1 + 1)
02DC 5100      00900         MOVF    (_StackTaskModified_dataCount_1_1 + 1), W, B
02DE 6EE5      00901         MOVWF   POSTDEC1
02E0 0000      00902         BANKSEL _StackTaskModified_dataCount_1_1
02E2 5100      00903         MOVF    _StackTaskModified_dataCount_1_1, W, B
02E4 6EE5      00904         MOVWF   POSTDEC1
02E6 5000      00905         MOVF    r0x08, W
02E8 6EE5      00906         MOVWF   POSTDEC1
02EA 5000      00907         MOVF    r0x07, W
02EC 6EE5      00908         MOVWF   POSTDEC1
02EE 5000      00909         MOVF    r0x06, W
02F0 6EE5      00910         MOVWF   POSTDEC1
02F2 5000      00911         MOVF    r0x05, W
02F4 6EE5      00912         MOVWF   POSTDEC1
02F6 5000      00913         MOVF    r0x04, W
02F8 6EE5      00914         MOVWF   POSTDEC1
02FA 5000      00915         MOVF    r0x03, W
02FC 6EE5      00916         MOVWF   POSTDEC1
02FE EC00 F000 00917         CALL    _UDPProcess
0302 6E00      00918         MOVWF   r0x03
gpasm-0.13.7 beta               Objects/StackTsk.asm5-9-2014  05:20:56           PAGE 18


LOC  OBJECT CODE     LINE SOURCE TEXT
  VALUE
 
0304 0E08      00919         MOVLW   0x08
0306 26E1      00920         ADDWF   FSR1L, F
0308 5000      00921         MOVF    r0x03, W
030A B4D8      00922         BTFSC   STATUS, 2
030C D000      00923         BRA     _00145_DS_
               00924 ;       .line   358; TCPIP_Stack/StackTsk.c     if(ip != NULL){
030E 5000      00925         MOVF    r0x00, W
0310 1000      00926         IORWF   r0x01, W
0312 1000      00927         IORWF   r0x02, W
0314 E000      00928         BZ      _00147_DS_
               00929 ;       .line   359; TCPIP_Stack/StackTsk.c     memcpy(ip, &remoteNode.IPAddr, sizeof(remoteNode.IPAddr));
0316 0E00      00930         MOVLW   HIGH(_remoteNode)
0318 6E00      00931         MOVWF   r0x04
031A 0E00      00932         MOVLW   LOW(_remoteNode)
031C 6E00      00933         MOVWF   r0x03
031E 0E80      00934         MOVLW   0x80
0320 6E00      00935         MOVWF   r0x05
0322 0E00      00936         MOVLW   0x00
0324 6EE5      00937         MOVWF   POSTDEC1
0326 0E04      00938         MOVLW   0x04
0328 6EE5      00939         MOVWF   POSTDEC1
032A 5000      00940         MOVF    r0x05, W
032C 6EE5      00941         MOVWF   POSTDEC1
032E 5000      00942         MOVF    r0x04, W
0330 6EE5      00943         MOVWF   POSTDEC1
0332 5000      00944         MOVF    r0x03, W
0334 6EE5      00945         MOVWF   POSTDEC1
0336 5000      00946         MOVF    r0x02, W
0338 6EE5      00947         MOVWF   POSTDEC1
033A 5000      00948         MOVF    r0x01, W
033C 6EE5      00949         MOVWF   POSTDEC1
033E 5000      00950         MOVF    r0x00, W
0340 6EE5      00951         MOVWF   POSTDEC1
0342 EC00 F000 00952         CALL    _memcpy
0346 0E08      00953         MOVLW   0x08
0348 26E1      00954         ADDWF   FSR1L, F
034A 00955 _00147_DS_:
               00956 ;       .line   367; TCPIP_Stack/StackTsk.c     }
034A CFE4 F000 00957         MOVFF   PREINC1, r0x10
034E CFE4 F000 00958         MOVFF   PREINC1, r0x0f
0352 CFE4 F000 00959         MOVFF   PREINC1, r0x0e
0356 CFE4 F000 00960         MOVFF   PREINC1, r0x0d
035A CFE4 F000 00961         MOVFF   PREINC1, r0x0c
035E CFE4 F000 00962         MOVFF   PREINC1, r0x0b
0362 CFE4 F000 00963         MOVFF   PREINC1, r0x0a
0366 CFE4 F000 00964         MOVFF   PREINC1, r0x09
036A CFE4 F000 00965         MOVFF   PREINC1, r0x08
036E CFE4 F000 00966         MOVFF   PREINC1, r0x07
0372 CFE4 F000 00967         MOVFF   PREINC1, r0x06
0376 CFE4 F000 00968         MOVFF   PREINC1, r0x05
037A CFE4 F000 00969         MOVFF   PREINC1, r0x04
037E CFE4 F000 00970         MOVFF   PREINC1, r0x03
0382 CFE4 F000 00971         MOVFF   PREINC1, r0x02
0386 CFE4 F000 00972         MOVFF   PREINC1, r0x01
gpasm-0.13.7 beta               Objects/StackTsk.asm5-9-2014  05:20:56           PAGE 19


LOC  OBJECT CODE     LINE SOURCE TEXT
  VALUE
 
038A CFE4 F000 00973         MOVFF   PREINC1, r0x00
038E CFE4 FFD9 00974         MOVFF   PREINC1, FSR2L
0392 0012      00975         RETURN  
               00976 
               00977 ; ; Starting pCode block
               00978 S_StackTsk__StackTask   code
0000 00979 _StackTask:
               00980 ;       .line   209; TCPIP_Stack/StackTsk.c     void StackTask(void){
0000 CFD9 FFE5 00981         MOVFF   FSR2L, POSTDEC1
0004 CFE1 FFD9 00982         MOVFF   FSR1L, FSR2L
               00983 ;       .line   210; TCPIP_Stack/StackTsk.c     StackTaskModified(NULL);
0008 0E00      00984         MOVLW   0x00
000A 6EE5      00985         MOVWF   POSTDEC1
000C 0E00      00986         MOVLW   0x00
000E 6EE5      00987         MOVWF   POSTDEC1
0010 0E00      00988         MOVLW   0x00
0012 6EE5      00989         MOVWF   POSTDEC1
0014 EC00 F000 00990         CALL    _StackTaskModified
0018 0E03      00991         MOVLW   0x03
001A 26E1      00992         ADDWF   FSR1L, F
001C CFE4 FFD9 00993         MOVFF   PREINC1, FSR2L
0020 0012      00994         RETURN  
               00995 
               00996 ; ; Starting pCode block
               00997 S_StackTsk__StackInit   code
0000 00998 _StackInit:
               00999 ;       .line   115; TCPIP_Stack/StackTsk.c     void StackInit(void)
0000 CFD9 FFE5 01000         MOVFF   FSR2L, POSTDEC1
0004 CFE1 FFD9 01001         MOVFF   FSR1L, FSR2L
0008 C000 FFE5 01002         MOVFF   r0x00, POSTDEC1
000C C000 FFE5 01003         MOVFF   r0x01, POSTDEC1
0010 C000 FFE5 01004         MOVFF   r0x02, POSTDEC1
0014 C000 FFE5 01005         MOVFF   r0x03, POSTDEC1
0018 0000      01006         BANKSEL _smStack
               01007 ;       .line   117; TCPIP_Stack/StackTsk.c     smStack                     = SM_STACK_IDLE;
001A 6B00      01008         CLRF    _smStack, B
001C 0000      01009         BANKSEL (_AppConfig + 44)
               01010 ;       .line   124; TCPIP_Stack/StackTsk.c     AppConfig.Flags.bInConfigMode = TRUE;
001E 8F00      01011         BSF     (_AppConfig + 44), 7, B
               01012 ;       .line   128; TCPIP_Stack/StackTsk.c     srand(GenerateRandomDWORD());
0020 EC00 F000 01013         CALL    _GenerateRandomDWORD
0024 6E00      01014         MOVWF   r0x00
0026 CFF3 F000 01015         MOVFF   PRODL, r0x01
002A CFF4 F000 01016         MOVFF   PRODH, r0x02
002E CFE9 F000 01017         MOVFF   FSR0L, r0x03
0032 5000      01018         MOVF    r0x03, W
0034 6EE5      01019         MOVWF   POSTDEC1
0036 5000      01020         MOVF    r0x02, W
0038 6EE5      01021         MOVWF   POSTDEC1
003A 5000      01022         MOVF    r0x01, W
003C 6EE5      01023         MOVWF   POSTDEC1
003E 5000      01024         MOVF    r0x00, W
0040 6EE5      01025         MOVWF   POSTDEC1
0042 EC00 F000 01026         CALL    _srand
gpasm-0.13.7 beta               Objects/StackTsk.asm5-9-2014  05:20:56           PAGE 20


LOC  OBJECT CODE     LINE SOURCE TEXT
  VALUE
 
0046 0E04      01027         MOVLW   0x04
0048 26E1      01028         ADDWF   FSR1L, F
               01029 ;       .line   130; TCPIP_Stack/StackTsk.c     MACInit();
004A EC00 F000 01030         CALL    _MACInit
               01031 ;       .line   139; TCPIP_Stack/StackTsk.c     ARPInit();
004E EC00 F000 01032         CALL    _ARPInit
               01033 ;       .line   142; TCPIP_Stack/StackTsk.c     UDPInit();
0052 EC00 F000 01034         CALL    _UDPInit
               01035 ;       .line   174; TCPIP_Stack/StackTsk.c     DHCPInit(0);
0056 0E00      01036         MOVLW   0x00
0058 6EE5      01037         MOVWF   POSTDEC1
005A EC00 F000 01038         CALL    _DHCPInit
005E 2AE1      01039         INCF    FSR1L, F
0060 0000      01040         BANKSEL (_AppConfig + 44)
               01041 ;       .line   176; TCPIP_Stack/StackTsk.c     if(!AppConfig.Flags.bIsDHCPEnabled)
0062 BD00      01042         BTFSC   (_AppConfig + 44), 6, B
0064 D000      01043         BRA     _00107_DS_
               01044 ;       .line   178; TCPIP_Stack/StackTsk.c     DHCPDisable(0);  
0066 0E00      01045         MOVLW   0x00
0068 6EE5      01046         MOVWF   POSTDEC1
006A EC00 F000 01047         CALL    _DHCPDisable
006E 2AE1      01048         INCF    FSR1L, F
0070 01049 _00107_DS_:
0070 CFE4 F000 01050         MOVFF   PREINC1, r0x03
0074 CFE4 F000 01051         MOVFF   PREINC1, r0x02
0078 CFE4 F000 01052         MOVFF   PREINC1, r0x01
007C CFE4 F000 01053         MOVFF   PREINC1, r0x00
0080 CFE4 FFD9 01054         MOVFF   PREINC1, FSR2L
0084 0012      01055         RETURN  
               01056 
               01057 
               01058 
               01059 ; Statistics:
               01060 ; code size:     1098 (0x044a) bytes ( 0.84%)
               01061 ;                 549 (0x0225) words
               01062 ; udata size:      19 (0x0013) bytes ( 0.49%)
               01063 ; access size:     17 (0x0011) bytes
               01064 
               01065 
gpasm-0.13.7 beta               Objects/StackTsk.asm5-9-2014  05:20:56           PAGE 21


SYMBOL TABLE
  LABEL                             VALUE 

FSR0L                             00000FE9
FSR1L                             00000FE1
FSR2L                             00000FD9
PLUSW2                            00000FDB
POSTDEC1                          00000FE5
PREINC1                           00000FE4
PRODH                             00000FF4
PRODL                             00000FF3
STATUS                            00000FD8
_00107_DS_                        00000070
_00120_DS_                        000000DA
_00124_DS_                        000000F2
_00128_DS_                        0000015A
_00131_DS_                        00000288
_00136_DS_                        000002B6
_00145_DS_                        000000F6
_00147_DS_                        0000034A
_00165_DS_                        00000074
_00167_DS_                        00000148
_00168_DS_                        00000152
_00169_DS_                        00000154
_00170_DS_                        000001DA
_00171_DS_                        000001DC
_00173_DS_                        00000216
_00175_DS_                        0000022E
_00178_DS_                        00000286
_00180_DS_                        000002C0
_00181_DS_                        000002C2
_ADCON0                           00000000
_ADCON0bits                       00000000
_ADCON1                           00000000
_ADCON1bits                       00000000
_ADCON2                           00000000
_ADCON2bits                       00000000
_ADRES                            00000000
_ADRESH                           00000000
_ADRESL                           00000000
_AN0String                        00000000
_ARPInit                          00000000
_ARPProcess                       00000000
_AppConfig                        00000000
_BAUDCON                          00000000
_BAUDCON1                         00000000
_BAUDCON1bits                     00000000
_BAUDCON2                         00000000
_BAUDCON2bits                     00000000
_BAUDCONbits                      00000000
_BAUDCTL                          00000000
_BAUDCTL1                         00000000
_BAUDCTL1bits                     00000000
_BAUDCTL2                         00000000
_BAUDCTL2bits                     00000000
_BAUDCTLbits                      00000000
gpasm-0.13.7 beta               Objects/StackTsk.asm5-9-2014  05:20:56           PAGE 22


LOC  OBJECT CODE     LINE SOURCE TEXT
  VALUE
 
_BSR                              00000000
_CCP1CON                          00000000
_CCP1CONbits                      00000000
_CCP2CON                          00000000
_CCP2CONbits                      00000000
_CCP3CON                          00000000
_CCP3CONbits                      00000000
_CCP4CON                          00000000
_CCP4CONbits                      00000000
_CCP5CON                          00000000
_CCP5CONbits                      00000000
_CCPR1                            00000000
_CCPR1H                           00000000
_CCPR1L                           00000000
_CCPR2                            00000000
_CCPR2H                           00000000
_CCPR2L                           00000000
_CCPR3                            00000000
_CCPR3H                           00000000
_CCPR3L                           00000000
_CCPR4                            00000000
_CCPR4H                           00000000
_CCPR4L                           00000000
_CCPR5                            00000000
_CCPR5H                           00000000
_CCPR5L                           00000000
_CMCON                            00000000
_CMCONbits                        00000000
_CVRCON                           00000000
_CVRCONbits                       00000000
_DDRA                             00000000
_DDRAbits                         00000000
_DDRB                             00000000
_DDRBbits                         00000000
_DDRC                             00000000
_DDRCbits                         00000000
_DDRD                             00000000
_DDRDbits                         00000000
_DDRE                             00000000
_DDREbits                         00000000
_DDRF                             00000000
_DDRFbits                         00000000
_DDRG                             00000000
_DDRGbits                         00000000
_DDRH                             00000000
_DDRHbits                         00000000
_DDRJ                             00000000
_DDRJbits                         00000000
_DHCPDisable                      00000000
_DHCPInit                         00000000
_DHCPIsBound                      00000000
_DHCPTask                         00000000
_EBSTCON                          00000000
_EBSTCONbits                      00000000
gpasm-0.13.7 beta               Objects/StackTsk.asm5-9-2014  05:20:56           PAGE 23


LOC  OBJECT CODE     LINE SOURCE TEXT
  VALUE
 
_EBSTCS                           00000000
_EBSTCSH                          00000000
_EBSTCSL                          00000000
_EBSTSD                           00000000
_ECCP1AS                          00000000
_ECCP1ASbits                      00000000
_ECCP1CON                         00000000
_ECCP1CONbits                     00000000
_ECCP1DEL                         00000000
_ECCP1DELbits                     00000000
_ECCP2AS                          00000000
_ECCP2ASbits                      00000000
_ECCP2CON                         00000000
_ECCP2CONbits                     00000000
_ECCP2DEL                         00000000
_ECCP2DELbits                     00000000
_ECCP3AS                          00000000
_ECCP3ASbits                      00000000
_ECCP3CON                         00000000
_ECCP3CONbits                     00000000
_ECCP3DEL                         00000000
_ECCP3DELbits                     00000000
_ECON1                            00000000
_ECON1bits                        00000000
_ECON2                            00000000
_ECON2bits                        00000000
_EDATA                            00000000
_EDATAbits                        00000000
_EDMACS                           00000000
_EDMACSH                          00000000
_EDMACSL                          00000000
_EDMADST                          00000000
_EDMADSTH                         00000000
_EDMADSTL                         00000000
_EDMAND                           00000000
_EDMANDH                          00000000
_EDMANDL                          00000000
_EDMAST                           00000000
_EDMASTH                          00000000
_EDMASTL                          00000000
_EECON1                           00000000
_EECON1bits                       00000000
_EECON2                           00000000
_EFLOCON                          00000000
_EFLOCONbits                      00000000
_EHT0                             00000000
_EHT1                             00000000
_EHT2                             00000000
_EHT3                             00000000
_EHT4                             00000000
_EHT5                             00000000
_EHT6                             00000000
_EHT7                             00000000
_EIE                              00000000
gpasm-0.13.7 beta               Objects/StackTsk.asm5-9-2014  05:20:56           PAGE 24


LOC  OBJECT CODE     LINE SOURCE TEXT
  VALUE
 
_EIEbits                          00000000
_EIR                              00000000
_EIRbits                          00000000
_EPAUS                            00000000
_EPAUSH                           00000000
_EPAUSL                           00000000
_EPKTCNT                          00000000
_EPMCS                            00000000
_EPMCSH                           00000000
_EPMCSL                           00000000
_EPMM0                            00000000
_EPMM1                            00000000
_EPMM2                            00000000
_EPMM3                            00000000
_EPMM4                            00000000
_EPMM5                            00000000
_EPMM6                            00000000
_EPMM7                            00000000
_EPMO                             00000000
_EPMOH                            00000000
_EPMOL                            00000000
_ERDPT                            00000000
_ERDPTH                           00000000
_ERDPTL                           00000000
_ERXFCON                          00000000
_ERXFCONbits                      00000000
_ERXND                            00000000
_ERXNDH                           00000000
_ERXNDL                           00000000
_ERXRDPT                          00000000
_ERXRDPTH                         00000000
_ERXRDPTL                         00000000
_ERXST                            00000000
_ERXSTH                           00000000
_ERXSTL                           00000000
_ERXWRPT                          00000000
_ERXWRPTH                         00000000
_ERXWRPTL                         00000000
_ESTAT                            00000000
_ESTATbits                        00000000
_ETXND                            00000000
_ETXNDH                           00000000
_ETXNDL                           00000000
_ETXST                            00000000
_ETXSTH                           00000000
_ETXSTL                           00000000
_EWOLIE                           00000000
_EWOLIEbits                       00000000
_EWOLIR                           00000000
_EWOLIRbits                       00000000
_EWRPT                            00000000
_EWRPTH                           00000000
_EWRPTL                           00000000
_FSR0H                            00000000
gpasm-0.13.7 beta               Objects/StackTsk.asm5-9-2014  05:20:56           PAGE 25


LOC  OBJECT CODE     LINE SOURCE TEXT
  VALUE
 
_FSR0L                            00000000
_FSR1H                            00000000
_FSR1L                            00000000
_FSR2H                            00000000
_FSR2L                            00000000
_GenerateRandomDWORD              00000000
_ICMPProcess                      00000000
_INDF0                            00000000
_INDF1                            00000000
_INDF2                            00000000
_INTCON                           00000000
_INTCON2                          00000000
_INTCON2bits                      00000000
_INTCON3                          00000000
_INTCON3bits                      00000000
_INTCONbits                       00000000
_IPGetHeader                      00000000
_IPR1                             00000000
_IPR1bits                         00000000
_IPR2                             00000000
_IPR2bits                         00000000
_IPR3                             00000000
_IPR3bits                         00000000
_LATA                             00000000
_LATAbits                         00000000
_LATB                             00000000
_LATBbits                         00000000
_LATC                             00000000
_LATCbits                         00000000
_LATD                             00000000
_LATDbits                         00000000
_LATE                             00000000
_LATEbits                         00000000
_LATF                             00000000
_LATFbits                         00000000
_LATG                             00000000
_LATGbits                         00000000
_LATH                             00000000
_LATHbits                         00000000
_LATJ                             00000000
_LATJbits                         00000000
_LCDText                          00000000
_MAADR1                           00000000
_MAADR2                           00000000
_MAADR3                           00000000
_MAADR4                           00000000
_MAADR5                           00000000
_MAADR6                           00000000
_MABBIPG                          00000000
_MACGetHeader                     00000000
_MACInit                          00000000
_MACIsLinked                      00000000
_MACLCON1                         00000000
_MACLCON1bits                     00000000
gpasm-0.13.7 beta               Objects/StackTsk.asm5-9-2014  05:20:56           PAGE 26


LOC  OBJECT CODE     LINE SOURCE TEXT
  VALUE
 
_MACLCON2                         00000000
_MACLCON2bits                     00000000
_MACON1                           00000000
_MACON1bits                       00000000
_MACON2                           00000000
_MACON2bits                       00000000
_MACON3                           00000000
_MACON3bits                       00000000
_MACON4                           00000000
_MACON4bits                       00000000
_MAIPG                            00000000
_MAIPGH                           00000000
_MAIPGL                           00000000
_MAMXFL                           00000000
_MAMXFLH                          00000000
_MAMXFLL                          00000000
_MEMCON                           00000000
_MEMCONbits                       00000000
_MICMD                            00000000
_MICMDbits                        00000000
_MICON                            00000000
_MICONbits                        00000000
_MIRD                             00000000
_MIRDH                            00000000
_MIRDL                            00000000
_MIREGADR                         00000000
_MISTAT                           00000000
_MISTATbits                       00000000
_MIWR                             00000000
_MIWRH                            00000000
_MIWRL                            00000000
_OSCCON                           00000000
_OSCCONbits                       00000000
_OSCTUNE                          00000000
_OSCTUNEbits                      00000000
_PC                               00000000
_PCL                              00000000
_PCLATH                           00000000
_PCLATU                           00000000
_PIE1                             00000000
_PIE1bits                         00000000
_PIE2                             00000000
_PIE2bits                         00000000
_PIE3                             00000000
_PIE3bits                         00000000
_PIR1                             00000000
_PIR1bits                         00000000
_PIR2                             00000000
_PIR2bits                         00000000
_PIR3                             00000000
_PIR3bits                         00000000
_PLUSW0                           00000000
_PLUSW1                           00000000
_PLUSW2                           00000000
gpasm-0.13.7 beta               Objects/StackTsk.asm5-9-2014  05:20:56           PAGE 27


LOC  OBJECT CODE     LINE SOURCE TEXT
  VALUE
 
_PORTA                            00000000
_PORTAbits                        00000000
_PORTB                            00000000
_PORTBbits                        00000000
_PORTC                            00000000
_PORTCbits                        00000000
_PORTD                            00000000
_PORTDbits                        00000000
_PORTE                            00000000
_PORTEbits                        00000000
_PORTF                            00000000
_PORTFbits                        00000000
_PORTG                            00000000
_PORTGbits                        00000000
_PORTH                            00000000
_PORTHbits                        00000000
_PORTJ                            00000000
_PORTJbits                        00000000
_POSTDEC0                         00000000
_POSTDEC1                         00000000
_POSTDEC2                         00000000
_POSTINC0                         00000000
_POSTINC1                         00000000
_POSTINC2                         00000000
_PR2                              00000000
_PR4                              00000000
_PREINC0                          00000000
_PREINC1                          00000000
_PREINC2                          00000000
_PROD                             00000000
_PRODH                            00000000
_PRODL                            00000000
_PSPCON                           00000000
_PSPCONbits                       00000000
_RCON                             00000000
_RCONbits                         00000000
_RCREG                            00000000
_RCREG1                           00000000
_RCREG2                           00000000
_RCSTA                            00000000
_RCSTA1                           00000000
_RCSTA1bits                       00000000
_RCSTA2                           00000000
_RCSTA2bits                       00000000
_RCSTAbits                        00000000
_SPBRG                            00000000
_SPBRG1                           00000000
_SPBRG2                           00000000
_SPBRGH                           00000000
_SPBRGH1                          00000000
_SPBRGH2                          00000000
_SSP1ADD                          00000000
_SSP1BUF                          00000000
_SSP1CON1                         00000000
gpasm-0.13.7 beta               Objects/StackTsk.asm5-9-2014  05:20:56           PAGE 28


LOC  OBJECT CODE     LINE SOURCE TEXT
  VALUE
 
_SSP1CON1bits                     00000000
_SSP1CON2                         00000000
_SSP1CON2bits                     00000000
_SSP1STAT                         00000000
_SSP1STATbits                     00000000
_SSP2ADD                          00000000
_SSP2BUF                          00000000
_SSP2CON1                         00000000
_SSP2CON1bits                     00000000
_SSP2CON2                         00000000
_SSP2CON2bits                     00000000
_SSP2STAT                         00000000
_SSP2STATbits                     00000000
_SSPADD                           00000000
_SSPBUF                           00000000
_SSPCON1                          00000000
_SSPCON1bits                      00000000
_SSPCON2                          00000000
_SSPCON2bits                      00000000
_SSPSTAT                          00000000
_SSPSTATbits                      00000000
_STATUS                           00000000
_STATUSbits                       00000000
_STKPTR                           00000000
_STKPTRbits                       00000000
_StackApplications                00000000
_StackInit                        00000000
_StackTask                        00000000
_StackTaskModified                00000000
_StackTaskModified_bLastLinkState_2_2  00000000
_StackTaskModified_cFrameType_1_1  00000000
_StackTaskModified_cIPFrameType_1_1  00000000
_StackTaskModified_dataCount_1_1  00000000
_StackTaskModified_tempLocalIP_1_1  00000000
_T0CON                            00000000
_T0CONbits                        00000000
_T1CON                            00000000
_T1CONbits                        00000000
_T2CON                            00000000
_T2CONbits                        00000000
_T3CON                            00000000
_T3CONbits                        00000000
_T4CON                            00000000
_T4CONbits                        00000000
_TABLAT                           00000000
_TBLPTR                           00000000
_TBLPTRH                          00000000
_TBLPTRL                          00000000
_TBLPTRU                          00000000
_TMR0H                            00000000
_TMR0L                            00000000
_TMR1H                            00000000
_TMR1L                            00000000
_TMR2                             00000000
gpasm-0.13.7 beta               Objects/StackTsk.asm5-9-2014  05:20:56           PAGE 29


LOC  OBJECT CODE     LINE SOURCE TEXT
  VALUE
 
_TMR3H                            00000000
_TMR3L                            00000000
_TMR4                             00000000
_TOS                              00000000
_TOSH                             00000000
_TOSL                             00000000
_TOSU                             00000000
_TRISA                            00000000
_TRISAbits                        00000000
_TRISB                            00000000
_TRISBbits                        00000000
_TRISC                            00000000
_TRISCbits                        00000000
_TRISD                            00000000
_TRISDbits                        00000000
_TRISE                            00000000
_TRISEbits                        00000000
_TRISF                            00000000
_TRISFbits                        00000000
_TRISG                            00000000
_TRISGbits                        00000000
_TRISH                            00000000
_TRISHbits                        00000000
_TRISJ                            00000000
_TRISJbits                        00000000
_TXREG                            00000000
_TXREG1                           00000000
_TXREG2                           00000000
_TXSTA                            00000000
_TXSTA1                           00000000
_TXSTA1bits                       00000000
_TXSTA2                           00000000
_TXSTA2bits                       00000000
_TXSTAbits                        00000000
_UDPDiscard                       00000000
_UDPInit                          00000000
_UDPProcess                       00000000
_UDPRxCount                       00000000
_UDPSocketInfo                    00000000
_UDPTask                          00000000
_UDPTxCount                       00000000
_WDTCON                           00000000
_WDTCONbits                       00000000
_WREG                             00000000
__18F97J60                        00000001
_activeUDPSocket                  00000000
_memcpy                           00000000
_remoteNode                       00000000
_smStack                          00000000
_srand                            00000000
_stdin                            00000000
_stdout                           00000000
r0x00                             00000000
r0x01                             00000001
gpasm-0.13.7 beta               Objects/StackTsk.asm5-9-2014  05:20:56           PAGE 30


LOC  OBJECT CODE     LINE SOURCE TEXT
  VALUE
 
r0x02                             00000002
r0x03                             00000003
r0x04                             00000004
r0x05                             00000005
r0x06                             00000006
r0x07                             00000007
r0x08                             00000008
r0x09                             00000009
r0x0a                             0000000A
r0x0b                             0000000B
r0x0c                             0000000C
r0x0d                             0000000D
r0x0e                             0000000E
r0x0f                             0000000F
r0x10                             00000010


Errors   :       0
Warnings :       0 reported,       0 suppressed
Messages :       0 reported,       0 suppressed

