This file contains any messages produced by compilers while
running configure, to aid debugging if configure makes a mistake.

It was created by configure, which was
generated by GNU Autoconf 2.63.  Invocation command line was

  $ ./configure 

## --------- ##
## Platform. ##
## --------- ##

hostname = Workstation-nb
uname -m = x86_64
uname -r = 3.2.0-29-generic
uname -s = Linux
uname -v = #46-Ubuntu SMP Fri Jul 27 17:03:23 UTC 2012

/usr/bin/uname -p = unknown
/bin/uname -X     = unknown

/bin/arch              = unknown
/usr/bin/arch -k       = unknown
/usr/convex/getsysinfo = unknown
/usr/bin/hostinfo      = unknown
/bin/machine           = unknown
/usr/bin/oslevel       = unknown
/bin/universe          = unknown

PATH: /home/swax/Programmes/netkit/netkit/bin
PATH: /usr/lib/lightdm/lightdm
PATH: /usr/local/sbin
PATH: /usr/local/bin
PATH: /usr/sbin
PATH: /usr/bin
PATH: /sbin
PATH: /bin
PATH: /usr/games


## ----------- ##
## Core tests. ##
## ----------- ##

configure:1888: checking for gawk
configure:1918: result: no
configure:1888: checking for mawk
configure:1904: found /usr/bin/mawk
configure:1915: result: mawk
configure:1927: checking version of the package
configure:1931: result: 2.9.4
configure:2034: checking for gcc
configure:2050: found /usr/bin/gcc
configure:2061: result: gcc
configure:2293: checking for C compiler version
configure:2301: gcc --version >&5
gcc (Ubuntu/Linaro 4.6.3-1ubuntu5) 4.6.3
Copyright (C) 2011 Free Software Foundation, Inc.
This is free software; see the source for copying conditions.  There is NO
warranty; not even for MERCHANTABILITY or FITNESS FOR A PARTICULAR PURPOSE.

configure:2305: $? = 0
configure:2312: gcc -v >&5
Using built-in specs.
COLLECT_GCC=gcc
COLLECT_LTO_WRAPPER=/usr/lib/gcc/x86_64-linux-gnu/4.6/lto-wrapper
Target: x86_64-linux-gnu
Configured with: ../src/configure -v --with-pkgversion='Ubuntu/Linaro 4.6.3-1ubuntu5' --with-bugurl=file:///usr/share/doc/gcc-4.6/README.Bugs --enable-languages=c,c++,fortran,objc,obj-c++ --prefix=/usr --program-suffix=-4.6 --enable-shared --enable-linker-build-id --with-system-zlib --libexecdir=/usr/lib --without-included-gettext --enable-threads=posix --with-gxx-include-dir=/usr/include/c++/4.6 --libdir=/usr/lib --enable-nls --with-sysroot=/ --enable-clocale=gnu --enable-libstdcxx-debug --enable-libstdcxx-time=yes --enable-gnu-unique-object --enable-plugin --enable-objc-gc --disable-werror --with-arch-32=i686 --with-tune=generic --enable-checking=release --build=x86_64-linux-gnu --host=x86_64-linux-gnu --target=x86_64-linux-gnu
Thread model: posix
gcc version 4.6.3 (Ubuntu/Linaro 4.6.3-1ubuntu5) 
configure:2316: $? = 0
configure:2323: gcc -V >&5
gcc: error: unrecognized option '-V'
gcc: fatal error: no input files
compilation terminated.
configure:2327: $? = 4
configure:2350: checking for C compiler default output file name
configure:2372: gcc    conftest.c  >&5
configure:2376: $? = 0
configure:2414: result: a.out
configure:2433: checking whether the C compiler works
configure:2443: ./a.out
configure:2447: $? = 0
configure:2466: result: yes
configure:2473: checking whether we are cross compiling
configure:2475: result: no
configure:2478: checking for suffix of executables
configure:2485: gcc -o conftest    conftest.c  >&5
configure:2489: $? = 0
configure:2515: result: 
configure:2521: checking for suffix of object files
configure:2547: gcc -c   conftest.c >&5
configure:2551: $? = 0
configure:2576: result: o
configure:2580: checking whether we are using the GNU C compiler
configure:2609: gcc -c   conftest.c >&5
configure:2616: $? = 0
configure:2633: result: yes
configure:2642: checking whether gcc accepts -g
configure:2672: gcc -c -g  conftest.c >&5
configure:2679: $? = 0
configure:2780: result: yes
configure:2797: checking for gcc option to accept ISO C89
configure:2871: gcc  -c -g -O2  conftest.c >&5
configure:2878: $? = 0
configure:2901: result: none needed
configure:2924: checking how to run the C preprocessor
configure:2964: gcc -E  conftest.c
configure:2971: $? = 0
configure:3002: gcc -E  conftest.c
conftest.c:12:28: fatal error: ac_nonexistent.h: No such file or directory
compilation terminated.
configure:3009: $? = 1
configure: failed program was:
| /* confdefs.h.  */
| #define PACKAGE_NAME ""
| #define PACKAGE_TARNAME ""
| #define PACKAGE_VERSION ""
| #define PACKAGE_STRING ""
| #define PACKAGE_BUGREPORT ""
| #define SDCC_VERSION_LO 9
| #define SDCC_VERSION_HI 2
| #define SDCC_VERSION_P 4
| #define SDCC_VERSION_STR "2.9.4"
| /* end confdefs.h.  */
| #include <ac_nonexistent.h>
configure:3042: result: gcc -E
configure:3071: gcc -E  conftest.c
configure:3078: $? = 0
configure:3109: gcc -E  conftest.c
conftest.c:12:28: fatal error: ac_nonexistent.h: No such file or directory
compilation terminated.
configure:3116: $? = 1
configure: failed program was:
| /* confdefs.h.  */
| #define PACKAGE_NAME ""
| #define PACKAGE_TARNAME ""
| #define PACKAGE_VERSION ""
| #define PACKAGE_STRING ""
| #define PACKAGE_BUGREPORT ""
| #define SDCC_VERSION_LO 9
| #define SDCC_VERSION_HI 2
| #define SDCC_VERSION_P 4
| #define SDCC_VERSION_STR "2.9.4"
| /* end confdefs.h.  */
| #include <ac_nonexistent.h>
configure:3200: checking for a BSD-compatible install
configure:3268: result: /usr/bin/install -c
configure:3322: checking for ranlib
configure:3338: found /usr/bin/ranlib
configure:3349: result: ranlib
configure:3373: checking for autoconf
configure:3389: found /usr/bin/autoconf
configure:3401: result: autoconf
configure:3411: checking for strip
configure:3427: found /usr/bin/strip
configure:3439: result: strip
configure:3449: checking for as
configure:3465: found /usr/bin/as
configure:3477: result: as
configure:3487: checking for cp
configure:3503: found /bin/cp
configure:3515: result: cp
configure:3528: checking for flex
configure:3544: found /usr/bin/flex
configure:3555: result: flex
configure:3572: checking for bison
configure:3588: found /usr/bin/bison
configure:3599: result: bison -y
configure:3643: checking for ccache
configure:3673: result: no
configure:3691: checking for strerror
configure:3747: gcc -o conftest -g -O2   conftest.c  >&5
configure:3754: $? = 0
configure:3776: result: yes
configure:3795: checking for vsnprintf
configure:3851: gcc -o conftest -g -O2   conftest.c  >&5
conftest.c:36:6: warning: conflicting types for built-in function 'vsnprintf' [enabled by default]
configure:3858: $? = 0
configure:3880: result: yes
configure:3795: checking for snprintf
configure:3851: gcc -o conftest -g -O2   conftest.c  >&5
conftest.c:37:6: warning: conflicting types for built-in function 'snprintf' [enabled by default]
configure:3858: $? = 0
configure:3880: result: yes
configure:3795: checking for vsprintf
configure:3851: gcc -o conftest -g -O2   conftest.c  >&5
conftest.c:38:6: warning: conflicting types for built-in function 'vsprintf' [enabled by default]
configure:3858: $? = 0
configure:3880: result: yes
configure:3795: checking for mkstemp
configure:3851: gcc -o conftest -g -O2   conftest.c  >&5
configure:3858: $? = 0
configure:3880: result: yes
configure:3967: checking whether preprocessor accepts -MM or -M
Using built-in specs.
COLLECT_GCC=gcc
COLLECT_LTO_WRAPPER=/usr/lib/gcc/x86_64-linux-gnu/4.6/lto-wrapper
Target: x86_64-linux-gnu
Configured with: ../src/configure -v --with-pkgversion='Ubuntu/Linaro 4.6.3-1ubuntu5' --with-bugurl=file:///usr/share/doc/gcc-4.6/README.Bugs --enable-languages=c,c++,fortran,objc,obj-c++ --prefix=/usr --program-suffix=-4.6 --enable-shared --enable-linker-build-id --with-system-zlib --libexecdir=/usr/lib --without-included-gettext --enable-threads=posix --with-gxx-include-dir=/usr/include/c++/4.6 --libdir=/usr/lib --enable-nls --with-sysroot=/ --enable-clocale=gnu --enable-libstdcxx-debug --enable-libstdcxx-time=yes --enable-gnu-unique-object --enable-plugin --enable-objc-gc --disable-werror --with-arch-32=i686 --with-tune=generic --enable-checking=release --build=x86_64-linux-gnu --host=x86_64-linux-gnu --target=x86_64-linux-gnu
Thread model: posix
gcc version 4.6.3 (Ubuntu/Linaro 4.6.3-1ubuntu5) 
COLLECT_GCC_OPTIONS='-E' '-v' '-MM' '-mtune=generic' '-march=x86-64'
 /usr/lib/gcc/x86_64-linux-gnu/4.6/cc1 -E -quiet -v -imultilib . -imultiarch x86_64-linux-gnu -MM _test_.c -mtune=generic -march=x86-64 -fstack-protector
ignoring nonexistent directory "/usr/local/include/x86_64-linux-gnu"
ignoring nonexistent directory "/usr/lib/gcc/x86_64-linux-gnu/4.6/../../../../x86_64-linux-gnu/include"
#include "..." search starts here:
#include <...> search starts here:
 /usr/lib/gcc/x86_64-linux-gnu/4.6/include
 /usr/local/include
 /usr/lib/gcc/x86_64-linux-gnu/4.6/include-fixed
 /usr/include/x86_64-linux-gnu
 /usr/include
End of search list.
_test_.o: _test_.c
COMPILER_PATH=/usr/lib/gcc/x86_64-linux-gnu/4.6/:/usr/lib/gcc/x86_64-linux-gnu/4.6/:/usr/lib/gcc/x86_64-linux-gnu/:/usr/lib/gcc/x86_64-linux-gnu/4.6/:/usr/lib/gcc/x86_64-linux-gnu/
LIBRARY_PATH=/usr/lib/gcc/x86_64-linux-gnu/4.6/:/usr/lib/gcc/x86_64-linux-gnu/4.6/../../../x86_64-linux-gnu/:/usr/lib/gcc/x86_64-linux-gnu/4.6/../../../../lib/:/lib/x86_64-linux-gnu/:/lib/../lib/:/usr/lib/x86_64-linux-gnu/:/usr/lib/../lib/:/usr/lib/gcc/x86_64-linux-gnu/4.6/../../../:/lib/:/usr/lib/
COLLECT_GCC_OPTIONS='-E' '-v' '-MM' '-mtune=generic' '-march=x86-64'
configure:3982: result: -MM
configure:3989: checking whether gcc accepts -ggdb
Using built-in specs.
COLLECT_GCC=gcc
COLLECT_LTO_WRAPPER=/usr/lib/gcc/x86_64-linux-gnu/4.6/lto-wrapper
Target: x86_64-linux-gnu
Configured with: ../src/configure -v --with-pkgversion='Ubuntu/Linaro 4.6.3-1ubuntu5' --with-bugurl=file:///usr/share/doc/gcc-4.6/README.Bugs --enable-languages=c,c++,fortran,objc,obj-c++ --prefix=/usr --program-suffix=-4.6 --enable-shared --enable-linker-build-id --with-system-zlib --libexecdir=/usr/lib --without-included-gettext --enable-threads=posix --with-gxx-include-dir=/usr/include/c++/4.6 --libdir=/usr/lib --enable-nls --with-sysroot=/ --enable-clocale=gnu --enable-libstdcxx-debug --enable-libstdcxx-time=yes --enable-gnu-unique-object --enable-plugin --enable-objc-gc --disable-werror --with-arch-32=i686 --with-tune=generic --enable-checking=release --build=x86_64-linux-gnu --host=x86_64-linux-gnu --target=x86_64-linux-gnu
Thread model: posix
gcc version 4.6.3 (Ubuntu/Linaro 4.6.3-1ubuntu5) 
COLLECT_GCC_OPTIONS='-v' '-ggdb' '-c' '-mtune=generic' '-march=x86-64'
 /usr/lib/gcc/x86_64-linux-gnu/4.6/cc1 -quiet -v -imultilib . -imultiarch x86_64-linux-gnu _test_.c -quiet -dumpbase _test_.c -mtune=generic -march=x86-64 -auxbase _test_ -ggdb -version -fstack-protector -o /tmp/ccuySqWb.s
GNU C (Ubuntu/Linaro 4.6.3-1ubuntu5) version 4.6.3 (x86_64-linux-gnu)
	compiled by GNU C version 4.6.3, GMP version 5.0.2, MPFR version 3.1.0-p3, MPC version 0.9
GGC heuristics: --param ggc-min-expand=100 --param ggc-min-heapsize=131072
ignoring nonexistent directory "/usr/local/include/x86_64-linux-gnu"
ignoring nonexistent directory "/usr/lib/gcc/x86_64-linux-gnu/4.6/../../../../x86_64-linux-gnu/include"
#include "..." search starts here:
#include <...> search starts here:
 /usr/lib/gcc/x86_64-linux-gnu/4.6/include
 /usr/local/include
 /usr/lib/gcc/x86_64-linux-gnu/4.6/include-fixed
 /usr/include/x86_64-linux-gnu
 /usr/include
End of search list.
GNU C (Ubuntu/Linaro 4.6.3-1ubuntu5) version 4.6.3 (x86_64-linux-gnu)
	compiled by GNU C version 4.6.3, GMP version 5.0.2, MPFR version 3.1.0-p3, MPC version 0.9
GGC heuristics: --param ggc-min-expand=100 --param ggc-min-heapsize=131072
Compiler executable checksum: 75e879ed14f91af504f4150eadeaa0e6
COLLECT_GCC_OPTIONS='-v' '-ggdb' '-c' '-mtune=generic' '-march=x86-64'
 as --64 -o _test_.o /tmp/ccuySqWb.s
COMPILER_PATH=/usr/lib/gcc/x86_64-linux-gnu/4.6/:/usr/lib/gcc/x86_64-linux-gnu/4.6/:/usr/lib/gcc/x86_64-linux-gnu/:/usr/lib/gcc/x86_64-linux-gnu/4.6/:/usr/lib/gcc/x86_64-linux-gnu/
LIBRARY_PATH=/usr/lib/gcc/x86_64-linux-gnu/4.6/:/usr/lib/gcc/x86_64-linux-gnu/4.6/../../../x86_64-linux-gnu/:/usr/lib/gcc/x86_64-linux-gnu/4.6/../../../../lib/:/lib/x86_64-linux-gnu/:/lib/../lib/:/usr/lib/x86_64-linux-gnu/:/usr/lib/../lib/:/usr/lib/gcc/x86_64-linux-gnu/4.6/../../../:/lib/:/usr/lib/
COLLECT_GCC_OPTIONS='-v' '-ggdb' '-c' '-mtune=generic' '-march=x86-64'
configure:4006: result: yes
configure:4014: checking whether gcc accepts -pipe
Using built-in specs.
COLLECT_GCC=gcc
COLLECT_LTO_WRAPPER=/usr/lib/gcc/x86_64-linux-gnu/4.6/lto-wrapper
Target: x86_64-linux-gnu
Configured with: ../src/configure -v --with-pkgversion='Ubuntu/Linaro 4.6.3-1ubuntu5' --with-bugurl=file:///usr/share/doc/gcc-4.6/README.Bugs --enable-languages=c,c++,fortran,objc,obj-c++ --prefix=/usr --program-suffix=-4.6 --enable-shared --enable-linker-build-id --with-system-zlib --libexecdir=/usr/lib --without-included-gettext --enable-threads=posix --with-gxx-include-dir=/usr/include/c++/4.6 --libdir=/usr/lib --enable-nls --with-sysroot=/ --enable-clocale=gnu --enable-libstdcxx-debug --enable-libstdcxx-time=yes --enable-gnu-unique-object --enable-plugin --enable-objc-gc --disable-werror --with-arch-32=i686 --with-tune=generic --enable-checking=release --build=x86_64-linux-gnu --host=x86_64-linux-gnu --target=x86_64-linux-gnu
Thread model: posix
gcc version 4.6.3 (Ubuntu/Linaro 4.6.3-1ubuntu5) 
COLLECT_GCC_OPTIONS='-v' '-pipe' '-c' '-mtune=generic' '-march=x86-64'
 /usr/lib/gcc/x86_64-linux-gnu/4.6/cc1 -quiet -v -imultilib . -imultiarch x86_64-linux-gnu _test_.c -quiet -dumpbase _test_.c -mtune=generic -march=x86-64 -auxbase _test_ -version -fstack-protector -o - |
 as --64 -o _test_.o
GNU C (Ubuntu/Linaro 4.6.3-1ubuntu5) version 4.6.3 (x86_64-linux-gnu)
	compiled by GNU C version 4.6.3, GMP version 5.0.2, MPFR version 3.1.0-p3, MPC version 0.9
GGC heuristics: --param ggc-min-expand=100 --param ggc-min-heapsize=131072
ignoring nonexistent directory "/usr/local/include/x86_64-linux-gnu"
ignoring nonexistent directory "/usr/lib/gcc/x86_64-linux-gnu/4.6/../../../../x86_64-linux-gnu/include"
#include "..." search starts here:
#include <...> search starts here:
 /usr/lib/gcc/x86_64-linux-gnu/4.6/include
 /usr/local/include
 /usr/lib/gcc/x86_64-linux-gnu/4.6/include-fixed
 /usr/include/x86_64-linux-gnu
 /usr/include
End of search list.
GNU C (Ubuntu/Linaro 4.6.3-1ubuntu5) version 4.6.3 (x86_64-linux-gnu)
	compiled by GNU C version 4.6.3, GMP version 5.0.2, MPFR version 3.1.0-p3, MPC version 0.9
GGC heuristics: --param ggc-min-expand=100 --param ggc-min-heapsize=131072
Compiler executable checksum: 75e879ed14f91af504f4150eadeaa0e6
COMPILER_PATH=/usr/lib/gcc/x86_64-linux-gnu/4.6/:/usr/lib/gcc/x86_64-linux-gnu/4.6/:/usr/lib/gcc/x86_64-linux-gnu/:/usr/lib/gcc/x86_64-linux-gnu/4.6/:/usr/lib/gcc/x86_64-linux-gnu/
LIBRARY_PATH=/usr/lib/gcc/x86_64-linux-gnu/4.6/:/usr/lib/gcc/x86_64-linux-gnu/4.6/../../../x86_64-linux-gnu/:/usr/lib/gcc/x86_64-linux-gnu/4.6/../../../../lib/:/lib/x86_64-linux-gnu/:/lib/../lib/:/usr/lib/x86_64-linux-gnu/:/usr/lib/../lib/:/usr/lib/gcc/x86_64-linux-gnu/4.6/../../../:/lib/:/usr/lib/
COLLECT_GCC_OPTIONS='-v' '-pipe' '-c' '-mtune=generic' '-march=x86-64'
configure:4031: result: yes
configure:4041: checking return type of signal handlers
configure:4069: gcc -c -pipe -ggdb -g -O2  conftest.c >&5
conftest.c: In function 'main':
conftest.c:23:1: error: void value not ignored as it ought to be
configure:4076: $? = 1
configure: failed program was:
| /* confdefs.h.  */
| #define PACKAGE_NAME ""
| #define PACKAGE_TARNAME ""
| #define PACKAGE_VERSION ""
| #define PACKAGE_STRING ""
| #define PACKAGE_BUGREPORT ""
| #define SDCC_VERSION_LO 9
| #define SDCC_VERSION_HI 2
| #define SDCC_VERSION_P 4
| #define SDCC_VERSION_STR "2.9.4"
| #define HAVE_STRERROR 1
| #define HAVE_VSNPRINTF 1
| #define HAVE_SNPRINTF 1
| #define HAVE_VSPRINTF 1
| #define HAVE_MKSTEMP 1
| /* end confdefs.h.  */
| #include <sys/types.h>
| #include <signal.h>
| 
| int
| main ()
| {
| return *(signal (0, 0)) (0) == 1;
|   ;
|   return 0;
| }
configure:4091: result: void
configure:4101: checking for grep that handles long lines and -e
configure:4161: result: /bin/grep
configure:4166: checking for egrep
configure:4230: result: /bin/grep -E
configure:4235: checking for ANSI C header files
configure:4265: gcc -c -pipe -ggdb -g -O2  conftest.c >&5
configure:4272: $? = 0
configure:4371: gcc -o conftest -pipe -ggdb -g -O2   conftest.c  >&5
configure:4375: $? = 0
configure:4381: ./conftest
configure:4385: $? = 0
configure:4403: result: yes
configure:4427: checking for sys/types.h
configure:4448: gcc -c -pipe -ggdb -g -O2  conftest.c >&5
configure:4455: $? = 0
configure:4472: result: yes
configure:4427: checking for sys/stat.h
configure:4448: gcc -c -pipe -ggdb -g -O2  conftest.c >&5
configure:4455: $? = 0
configure:4472: result: yes
configure:4427: checking for stdlib.h
configure:4448: gcc -c -pipe -ggdb -g -O2  conftest.c >&5
configure:4455: $? = 0
configure:4472: result: yes
configure:4427: checking for string.h
configure:4448: gcc -c -pipe -ggdb -g -O2  conftest.c >&5
configure:4455: $? = 0
configure:4472: result: yes
configure:4427: checking for memory.h
configure:4448: gcc -c -pipe -ggdb -g -O2  conftest.c >&5
configure:4455: $? = 0
configure:4472: result: yes
configure:4427: checking for strings.h
configure:4448: gcc -c -pipe -ggdb -g -O2  conftest.c >&5
configure:4455: $? = 0
configure:4472: result: yes
configure:4427: checking for inttypes.h
configure:4448: gcc -c -pipe -ggdb -g -O2  conftest.c >&5
configure:4455: $? = 0
configure:4472: result: yes
configure:4427: checking for stdint.h
configure:4448: gcc -c -pipe -ggdb -g -O2  conftest.c >&5
configure:4455: $? = 0
configure:4472: result: yes
configure:4427: checking for unistd.h
configure:4448: gcc -c -pipe -ggdb -g -O2  conftest.c >&5
configure:4455: $? = 0
configure:4472: result: yes
configure:4490: checking size of char
configure:4795: gcc -o conftest -pipe -ggdb -g -O2   conftest.c  >&5
configure:4799: $? = 0
configure:4805: ./conftest
configure:4809: $? = 0
configure:4835: result: 1
configure:4849: checking size of short
configure:5154: gcc -o conftest -pipe -ggdb -g -O2   conftest.c  >&5
configure:5158: $? = 0
configure:5164: ./conftest
configure:5168: $? = 0
configure:5194: result: 2
configure:5208: checking size of int
configure:5513: gcc -o conftest -pipe -ggdb -g -O2   conftest.c  >&5
configure:5517: $? = 0
configure:5523: ./conftest
configure:5527: $? = 0
configure:5553: result: 4
configure:5567: checking size of long
configure:5872: gcc -o conftest -pipe -ggdb -g -O2   conftest.c  >&5
configure:5876: $? = 0
configure:5882: ./conftest
configure:5886: $? = 0
configure:5912: result: 8
configure:5923: checking whether char is unsigned
configure:5951: gcc -c -pipe -ggdb -g -O2  conftest.c >&5
configure:5958: $? = 0
configure:5973: result: no
configure:6004: checking type name for byte
configure:6012: result: char
configure:6014: checking type name for word
configure:6017: result: short
configure:6019: checking type name for dword
configure:6022: result: int
configure:6056: checking whether host machine byte ordering is bigendian
configure:6089: gcc -c -pipe -ggdb -g -O2  conftest.c >&5
configure:6096: $? = 0
configure:6128: gcc -c -pipe -ggdb -g -O2  conftest.c >&5
conftest.c: In function 'main':
conftest.c:45:2: error: unknown type name 'not'
conftest.c:45:10: error: expected '=', ',', ';', 'asm' or '__attribute__' before 'endian'
configure:6135: $? = 1
configure: failed program was:
| /* confdefs.h.  */
| #define PACKAGE_NAME ""
| #define PACKAGE_TARNAME ""
| #define PACKAGE_VERSION ""
| #define PACKAGE_STRING ""
| #define PACKAGE_BUGREPORT ""
| #define SDCC_VERSION_LO 9
| #define SDCC_VERSION_HI 2
| #define SDCC_VERSION_P 4
| #define SDCC_VERSION_STR "2.9.4"
| #define HAVE_STRERROR 1
| #define HAVE_VSNPRINTF 1
| #define HAVE_SNPRINTF 1
| #define HAVE_VSPRINTF 1
| #define HAVE_MKSTEMP 1
| #define RETSIGTYPE void
| #define STDC_HEADERS 1
| #define HAVE_SYS_TYPES_H 1
| #define HAVE_SYS_STAT_H 1
| #define HAVE_STDLIB_H 1
| #define HAVE_STRING_H 1
| #define HAVE_MEMORY_H 1
| #define HAVE_STRINGS_H 1
| #define HAVE_INTTYPES_H 1
| #define HAVE_STDINT_H 1
| #define HAVE_UNISTD_H 1
| #define SIZEOF_CHAR 1
| #define SIZEOF_SHORT 2
| #define SIZEOF_INT 4
| #define SIZEOF_LONG 8
| #define TYPE_BYTE char
| #define TYPE_WORD short
| #define TYPE_DWORD int
| #define TYPE_UBYTE unsigned char
| #define TYPE_UWORD unsigned short
| #define TYPE_UDWORD unsigned int
| /* end confdefs.h.  */
| #include <sys/types.h>
| #include <sys/param.h>
| 
| int
| main ()
| {
| #if BYTE_ORDER != BIG_ENDIAN
|  not big endian
| #endif
| 
|   ;
|   return 0;
| }
configure:6279: result: no
configure:7293: checking for lyx
configure:7321: result: :
configure:7331: checking for latex2html
configure:7359: result: :
configure:7369: checking for pdflatex
configure:7385: found /usr/bin/pdflatex
configure:7397: result: pdflatex
configure:7407: checking for pdfopt
configure:7423: found /usr/bin/pdfopt
configure:7435: result: pdfopt
configure:7445: checking for makeindex
configure:7461: found /usr/bin/makeindex
configure:7473: result: makeindex
configure:7799: creating ./config.status

## ---------------------- ##
## Running config.status. ##
## ---------------------- ##

This file was extended by config.status, which was
generated by GNU Autoconf 2.63.  Invocation command line was

  CONFIG_FILES    = 
  CONFIG_HEADERS  = 
  CONFIG_LINKS    = 
  CONFIG_COMMANDS = 
  $ ./config.status 

on Workstation-nb

config.status:866: creating doc/Makefile
config.status:866: creating src/avr/Makefile
config.status:866: creating src/ds390/Makefile
config.status:866: creating device/lib/ds390/Makefile
config.status:866: creating src/ds400/Makefile
config.status:866: creating device/lib/ds400/Makefile
config.status:866: creating src/hc08/Makefile
config.status:866: creating as/hc08/Makefile
config.status:866: creating as/link/hc08/Makefile
config.status:866: creating device/lib/hc08/Makefile
config.status:866: creating src/mcs51/Makefile
config.status:866: creating as/mcs51/Makefile
config.status:866: creating as/link/mcs51/Makefile
config.status:866: creating device/lib/mcs51/Makefile
config.status:866: creating device/lib/small/Makefile
config.status:866: creating device/lib/medium/Makefile
config.status:866: creating device/lib/large/Makefile
config.status:866: creating src/pic/Makefile
config.status:866: creating src/pic16/Makefile
config.status:866: creating src/xa51/Makefile
config.status:866: creating src/z80/Makefile
config.status:866: creating as/z80/Makefile
config.status:866: creating as/asgb/Makefile
config.status:866: creating as/link/Makefile
config.status:866: creating as/link/z80/Makefile
config.status:866: creating device/lib/z80/Makefile
config.status:866: creating device/lib/gbz80/Makefile
config.status:866: creating device/lib/Makefile
config.status:866: creating main.mk
config.status:866: creating src/Makefile
config.status:866: creating device/include/Makefile
config.status:866: creating as/asranlib/Makefile
config.status:866: creating support/librarian/Makefile
config.status:866: creating support/makebin/Makefile
config.status:866: creating support/regression/Makefile
config.status:866: creating support/valdiag/Makefile
config.status:866: creating Makefile
config.status:866: creating Makefile.common
config.status:866: creating sdccconf.h
config.status:866: creating as/link/asxxxx_config.h
configure:9047: === configuring in support/cpp (/home/swax/Documents/UCL/SINF21MS/Q2/Design of embedded and real time systems/projet_software/sdcc/support/cpp)
configure:9150: running /bin/bash ./configure --disable-option-checking '--prefix=/usr/local'  'docdir=${datarootdir}/doc/${PACKAGE}' --cache-file=/dev/null --srcdir=.
configure:9047: === configuring in support/packihx (/home/swax/Documents/UCL/SINF21MS/Q2/Design of embedded and real time systems/projet_software/sdcc/support/packihx)
configure:9150: running /bin/bash ./configure --disable-option-checking '--prefix=/usr/local'  'docdir=${datarootdir}/doc/${PACKAGE}' --cache-file=/dev/null --srcdir=.
configure:9047: === configuring in sim/ucsim (/home/swax/Documents/UCL/SINF21MS/Q2/Design of embedded and real time systems/projet_software/sdcc/sim/ucsim)
configure:9150: running /bin/bash ./configure --disable-option-checking '--prefix=/usr/local'  'docdir=${datarootdir}/doc/${PACKAGE}' --cache-file=/dev/null --srcdir=.
configure:9047: === configuring in debugger/mcs51 (/home/swax/Documents/UCL/SINF21MS/Q2/Design of embedded and real time systems/projet_software/sdcc/debugger/mcs51)
configure:9150: running /bin/bash ./configure --disable-option-checking '--prefix=/usr/local'  'docdir=${datarootdir}/doc/${PACKAGE}' --cache-file=/dev/null --srcdir=.
configure:9047: === configuring in device/lib/pic (/home/swax/Documents/UCL/SINF21MS/Q2/Design of embedded and real time systems/projet_software/sdcc/device/lib/pic)
configure:9150: running /bin/bash ./configure --disable-option-checking '--prefix=/usr/local'  'docdir=${datarootdir}/doc/${PACKAGE}' --cache-file=/dev/null --srcdir=.
configure:9047: === configuring in device/lib/pic16 (/home/swax/Documents/UCL/SINF21MS/Q2/Design of embedded and real time systems/projet_software/sdcc/device/lib/pic16)
configure:9150: running /bin/bash ./configure --disable-option-checking '--prefix=/usr/local'  'docdir=${datarootdir}/doc/${PACKAGE}' --cache-file=/dev/null --srcdir=.
configure:9340: result:
sdcc 2.9.4 is now configured for

  Build:                
  Host:                 
  Source directory:     .
  C compiler:           gcc
  CFLAGS:               -pipe -ggdb -g -O2

  ENABLED Ports:
    avr                 yes
    ds390               yes
    ds400               yes
    gbz80               yes
    hc08                yes
    mcs51               yes
    pic                 yes
    pic16               yes
    xa51                yes
    z80                 yes

  Disable packihx:      0
  Disable ucsim:        0
  Disable device lib:   0
  Disable sdcpp:        0
  Disable sdcdb:        0
  Enable documentation: 0
  Enable libgc:         0

  Install paths:
    binary files:       ${prefix}
    include files:      ${datarootdir}/sdcc/include
    library files:      ${datarootdir}/sdcc/lib
    documentation:      ${datarootdir}/doc/${PACKAGE}

    prefix:             /usr/local
    datadir:            ${datarootdir}
    datarootdir:        ${prefix}/share

  Search paths (incomplete, see manual for all search paths):
    binary files:       $SDCC_HOME/bin
    include files:      /share/sdcc/include
                        path(argv[0])/../share/sdcc/include
                        /usr/local/share/sdcc/include
    library files:      $SDCC_HOME/share/sdcc/lib/<model>
                        path(argv[0])/../share/sdcc/lib/<model>
                        /usr/local/share/sdcc/lib/<model>


## ---------------- ##
## Cache variables. ##
## ---------------- ##

ac_cv_c_char_unsigned=no
ac_cv_c_compiler_gnu=yes
ac_cv_env_CC_set=
ac_cv_env_CC_value=
ac_cv_env_CFLAGS_set=
ac_cv_env_CFLAGS_value=
ac_cv_env_CPPFLAGS_set=
ac_cv_env_CPPFLAGS_value=
ac_cv_env_CPP_set=
ac_cv_env_CPP_value=
ac_cv_env_LDFLAGS_set=
ac_cv_env_LDFLAGS_value=
ac_cv_env_LIBS_set=
ac_cv_env_LIBS_value=
ac_cv_env_LIB_TYPE_set=
ac_cv_env_LIB_TYPE_value=
ac_cv_env_build_alias_set=
ac_cv_env_build_alias_value=
ac_cv_env_docdir_set=set
ac_cv_env_docdir_value='${datarootdir}/doc/${PACKAGE}'
ac_cv_env_host_alias_set=
ac_cv_env_host_alias_value=
ac_cv_env_include_dir_suffix_set=
ac_cv_env_include_dir_suffix_value=
ac_cv_env_lib_dir_suffix_set=
ac_cv_env_lib_dir_suffix_value=
ac_cv_env_sdccconf_h_dir_separator_set=
ac_cv_env_sdccconf_h_dir_separator_value=
ac_cv_env_target_alias_set=
ac_cv_env_target_alias_value=
ac_cv_func_mkstemp=yes
ac_cv_func_snprintf=yes
ac_cv_func_strerror=yes
ac_cv_func_vsnprintf=yes
ac_cv_func_vsprintf=yes
ac_cv_header_inttypes_h=yes
ac_cv_header_memory_h=yes
ac_cv_header_stdc=yes
ac_cv_header_stdint_h=yes
ac_cv_header_stdlib_h=yes
ac_cv_header_string_h=yes
ac_cv_header_strings_h=yes
ac_cv_header_sys_stat_h=yes
ac_cv_header_sys_types_h=yes
ac_cv_header_unistd_h=yes
ac_cv_objext=o
ac_cv_path_EGREP='/bin/grep -E'
ac_cv_path_GREP=/bin/grep
ac_cv_path_install='/usr/bin/install -c'
ac_cv_prog_AS=as
ac_cv_prog_AUTOCONF=autoconf
ac_cv_prog_AWK=mawk
ac_cv_prog_CP=cp
ac_cv_prog_CPP='gcc -E'
ac_cv_prog_LATEX2HTML=:
ac_cv_prog_LEX=flex
ac_cv_prog_LYX=:
ac_cv_prog_MAKEINDEX=makeindex
ac_cv_prog_PDFLATEX=pdflatex
ac_cv_prog_PDFOPT=pdfopt
ac_cv_prog_STRIP=strip
ac_cv_prog_YACC='bison -y'
ac_cv_prog_ac_ct_CC=gcc
ac_cv_prog_ac_ct_RANLIB=ranlib
ac_cv_prog_cc_c89=
ac_cv_prog_cc_g=yes
ac_cv_sizeof_char=1
ac_cv_sizeof_int=4
ac_cv_sizeof_long=8
ac_cv_sizeof_short=2
ac_cv_type_signal=void
sdcc_cv_CCggdb=yes
sdcc_cv_CCpipe=yes
sdcc_cv_MM=-MM
sdcc_cv_build_bigendian=no
sdcc_cv_version=2.9.4
sdcc_cv_versionhi=2
sdcc_cv_versionlo=9
sdcc_cv_versionp=4

## ----------------- ##
## Output variables. ##
## ----------------- ##

AS='as'
AUTOCONF='autoconf'
AWK='mawk'
CC='gcc'
CCACHE=''
CFLAGS='-pipe -ggdb -g -O2'
CP='cp'
CPP='gcc -E'
CPPFLAGS=''
DEFS='-DHAVE_CONFIG_H'
ECHO_C=''
ECHO_N='-n'
ECHO_T=''
EGREP='/bin/grep -E'
EXEEXT=''
GREP='/bin/grep'
INSTALL_DATA='${INSTALL} -m 644'
INSTALL_PROGRAM='${INSTALL}'
INSTALL_SCRIPT='${INSTALL}'
LATEX2HTML=':'
LDFLAGS=''
LEX='flex'
LIBOBJS=''
LIBS=''
LIB_TYPE='RANLIB'
LTLIBOBJS=''
LYX=':'
MAKEINDEX='makeindex'
M_OR_MM='-MM'
OBJEXT='o'
OPT_DISABLE_AVR='0'
OPT_DISABLE_DEVICE_LIB='0'
OPT_DISABLE_DS390='0'
OPT_DISABLE_DS400='0'
OPT_DISABLE_GBZ80='0'
OPT_DISABLE_HC08='0'
OPT_DISABLE_MCS51='0'
OPT_DISABLE_PACKIHX='0'
OPT_DISABLE_PIC16='0'
OPT_DISABLE_PIC='0'
OPT_DISABLE_SDCDB='0'
OPT_DISABLE_SDCPP='0'
OPT_DISABLE_UCSIM='0'
OPT_DISABLE_XA51='0'
OPT_DISABLE_Z80='0'
OPT_ENABLE_DOC='0'
OPT_ENABLE_LIBGC='0'
PACKAGE='sdcc'
PACKAGE_BUGREPORT=''
PACKAGE_NAME=''
PACKAGE_STRING=''
PACKAGE_TARNAME=''
PACKAGE_VERSION=''
PATH_SEPARATOR=':'
PDFLATEX='pdflatex'
PDFOPT='pdfopt'
RANLIB='ranlib'
SHELL='/bin/bash'
STRIP='strip'
VERSION='2.9.4'
VERSIONHI='2'
VERSIONLO='9'
VERSIONP='4'
YACC='bison -y'
ac_ct_CC='gcc'
bindir='${exec_prefix}/bin'
build_alias=''
datadir='${datarootdir}'
datarootdir='${prefix}/share'
docdir='${datarootdir}/doc/${PACKAGE}'
dvidir='${docdir}'
exec_prefix='${prefix}'
host_alias=''
htmldir='${docdir}'
include_dir_suffix='sdcc/include'
includedir='${prefix}/include'
infodir='${datarootdir}/info'
lib_dir_suffix='sdcc/lib'
libdir='${exec_prefix}/lib'
libexecdir='${exec_prefix}/libexec'
localedir='${datarootdir}/locale'
localstatedir='${prefix}/var'
mandir='${datarootdir}/man'
oldincludedir='/usr/include'
pdfdir='${docdir}'
prefix='/usr/local'
program_transform_name='s,x,x,'
psdir='${docdir}'
sbindir='${exec_prefix}/sbin'
sdccconf_h_dir_separator='/'
sharedstatedir='${prefix}/com'
subdirs=' support/cpp support/packihx sim/ucsim debugger/mcs51 device/lib/pic device/lib/pic16'
sysconfdir='${prefix}/etc'
target_alias=''

## ----------- ##
## confdefs.h. ##
## ----------- ##

#define PACKAGE_NAME ""
#define PACKAGE_TARNAME ""
#define PACKAGE_VERSION ""
#define PACKAGE_STRING ""
#define PACKAGE_BUGREPORT ""
#define SDCC_VERSION_LO 9
#define SDCC_VERSION_HI 2
#define SDCC_VERSION_P 4
#define SDCC_VERSION_STR "2.9.4"
#define HAVE_STRERROR 1
#define HAVE_VSNPRINTF 1
#define HAVE_SNPRINTF 1
#define HAVE_VSPRINTF 1
#define HAVE_MKSTEMP 1
#define RETSIGTYPE void
#define STDC_HEADERS 1
#define HAVE_SYS_TYPES_H 1
#define HAVE_SYS_STAT_H 1
#define HAVE_STDLIB_H 1
#define HAVE_STRING_H 1
#define HAVE_MEMORY_H 1
#define HAVE_STRINGS_H 1
#define HAVE_INTTYPES_H 1
#define HAVE_STDINT_H 1
#define HAVE_UNISTD_H 1
#define SIZEOF_CHAR 1
#define SIZEOF_SHORT 2
#define SIZEOF_INT 4
#define SIZEOF_LONG 8
#define TYPE_BYTE char
#define TYPE_WORD short
#define TYPE_DWORD int
#define TYPE_UBYTE unsigned char
#define TYPE_UWORD unsigned short
#define TYPE_UDWORD unsigned int
#define DIR_SEPARATOR_STRING "/"
#define DIR_SEPARATOR_CHAR '/'
#define PREFIX "/usr/local"
#define EXEC_PREFIX "/usr/local"
#define BINDIR "/usr/local/bin"
#define DATADIR "/usr/local/share"
#define INCLUDE_DIR_SUFFIX DIR_SEPARATOR_STRING "sdcc/include"
#define LIB_DIR_SUFFIX DIR_SEPARATOR_STRING "sdcc/lib"
#define BIN2DATA_DIR DIR_SEPARATOR_STRING "../share"
#define PREFIX2BIN_DIR DIR_SEPARATOR_STRING "bin"
#define PREFIX2DATA_DIR DIR_SEPARATOR_STRING "share"
#define STD_LIB "libsdcc"
#define STD_INT_LIB "libint"
#define STD_LONG_LIB "liblong"
#define STD_FP_LIB "libfloat"
#define STD_DS390_LIB "libds390"
#define STD_DS400_LIB "libds400"
#define STD_XA51_LIB "libxa51"
#define SDCC_DIR_NAME "SDCC_HOME"
#define SDCC_INCLUDE_NAME "SDCC_INCLUDE"
#define SDCC_LIB_NAME "SDCC_LIB"
#define OPT_DISABLE_MCS51 0
#define OPT_DISABLE_GBZ80 0
#define OPT_DISABLE_Z80 0
#define OPT_DISABLE_AVR 0
#define OPT_DISABLE_DS390 0
#define OPT_DISABLE_TININative 0
#define OPT_DISABLE_DS400 0
#define OPT_DISABLE_PIC 0
#define OPT_DISABLE_PIC16 0
#define OPT_DISABLE_XA51 0
#define OPT_DISABLE_HC08 0
#define OPT_DISABLE_UCSIM 0
#define OPT_DISABLE_DEVICE_LIB 0
#define OPT_DISABLE_PACKIHX 0
#define OPT_DISABLE_SDCPP 0
#define OPT_DISABLE_SDCDB 0
#define OPT_ENABLE_DOC 0
#define OPT_ENABLE_LIBGC 0

configure: exit 0
